Connection Event: Carrier Detect found. 15908    Iridium console active and ready...
Vehicle Name: ramses
Curr Time: Tue Jan  9 00:43:53 2018 MT:   15908
DR  Location:  3502.246 N -7543.279 E measured     45.414 secs ago
GPS TooFar:    3503.732 N -7543.414 E measured     1e+308 secs ago
GPS Invalid :  3502.246 N -7543.277 E measured    1219.43 secs ago
GPS Location:  3502.246 N -7543.279 E measured     49.448 secs ago
   sensor:c_wpt_lat(lat)=3502.79070004924           15503 secs ago
   sensor:c_wpt_lon(lon)=-7542.59260000044        15503.1 secs ago
   sensor:m_battery(volts)=12.0275086003577         4.297 secs ago
   sensor:m_gps_lat(lat)=3502.2461                  49.76 secs ago
   sensor:m_gps_lon(lon)=-7543.2792                  49.8 secs ago
   sensor:m_iridium_signal_strength(nodim)=5       12.607 secs ago
   sensor:m_leakdetect_voltage(volts)=2.5          57.066 secs ago
   sensor:m_leakdetect_voltage_forward(volts)=-1      4.594 secs ago
   sensor:m_mission_start_time(timestamp)=1515442725     1e+308 secs ago
   sensor:m_present_time(timestamp)=1515458633.23093      1.373 secs ago
   sensor:m_tot_num_inflections(nodim)=28346      15688.1 secs ago
   sensor:m_vacuum(inHg)=8.37796388888888           4.707 secs ago
   sensor:m_water_vx(m/s)=0.0853980204287164      15704.9 secs ago
   sensor:m_water_vy(m/s)=0.035082753444286       15704.9 secs ago
   sensor:u_use_current_correction(nodim)=1        1e+308 secs ago
   sensor:x_last_wpt_lat(lat)=3502.79070004924    15511.4 secs ago
   sensor:x_last_wpt_lon(lon)=-7542.59260000044    15511.4 secs ago
ABORT HISTORY: total since reset: 10
ABORT HISTORY: last abort cause: MS_ABORT_DEVICE_ERROR
ABORT HISTORY: last abort details: The deadman device driver returned an error.
ABORT HISTORY: last abort time: 2018-01-08T19:55:25
ABORT HISTORY: last abort segment: ramses-2018-007-7-0 (0103.0000)
ABORT HISTORY: last abort mission: SHELF_30.MI
 15910    No login script found for processing.
callback 20

I am going to hangup the Iridium!
I will call you back in 20 minutes
at the primary number ( 881600005168 )


GliderDos N -1 > 15926 92 disabling Iridium console...
