Connection Event: Carrier Detect found. 36944    Iridium console active and ready...
Vehicle Name: ramses
Curr Time: Wed Jan 10 03:45:36 2018 MT:   36943
DR  Location:  3501.249 N -7532.749 E measured     41.372 secs ago
GPS TooFar:    3501.249 N -7532.749 E measured     71.118 secs ago
GPS Invalid :  3501.244 N -7532.975 E measured    1815.76 secs ago
GPS Location:  3501.249 N -7532.749 E measured     45.454 secs ago
   sensor:c_wpt_lat(lat)=3501.15050004916         36626.9 secs ago
   sensor:c_wpt_lon(lon)=-7536.52020000037          36627 secs ago
   sensor:m_battery(volts)=12.000345241539          4.302 secs ago
   sensor:m_gps_lat(lat)=3501.249                  45.768 secs ago
   sensor:m_gps_lon(lon)=-7532.7488                45.811 secs ago
   sensor:m_iridium_signal_strength(nodim)=4       12.644 secs ago
   sensor:m_leakdetect_voltage(volts)=2.5          40.906 secs ago
   sensor:m_leakdetect_voltage_forward(volts)=-1      4.599 secs ago
   sensor:m_mission_start_time(timestamp)=1515518992     1e+308 secs ago
   sensor:m_present_time(timestamp)=1515555936.16486      1.375 secs ago
   sensor:m_tot_num_inflections(nodim)=28352      36832.5 secs ago
   sensor:m_vacuum(inHg)=8.32615137362637           4.711 secs ago
   sensor:m_water_vx(m/s)=0                        1e+308 secs ago
   sensor:m_water_vy(m/s)=0                        1e+308 secs ago
   sensor:u_use_current_correction(nodim)=0        1e+308 secs ago
   sensor:x_last_wpt_lat(lat)=3501.15050004916    36636.7 secs ago
   sensor:x_last_wpt_lon(lon)=-7536.52020000037    36636.8 secs ago
ABORT HISTORY: total since reset: 2
ABORT HISTORY: last abort cause: MS_ABORT_DEVICE_ERROR
ABORT HISTORY: last abort details: The buoyancy_pump device driver returned an error.
ABORT HISTORY: last abort time: 2018-01-09T17:07:13
ABORT HISTORY: last abort segment: ramses-2018-008-3-0 (0108.0000)
ABORT HISTORY: last abort mission: INI0.MI
 36946    No login script found for processing.
callback 30

I am going to hangup the Iridium!
I will call you back in 30 minutes
at the primary number ( 881600005168 )


GliderDos N -1 > 36964 51 disabling Iridium console...
