Connection Event: Carrier Detect found.  3300    Iridium console active and ready...
Vehicle Name: ramses
Curr Time: Mon Jan  8 12:20:12 2018 MT:    3299
DR  Location:  3504.067 N -7543.564 E measured    106.474 secs ago
GPS TooFar:    3505.625 N -7540.490 E measured     1e+308 secs ago
GPS Invalid :  3504.184 N -7543.671 E measured    384.828 secs ago
GPS Location:  3504.067 N -7543.564 E measured    109.382 secs ago
   sensor:c_wpt_lat(lat)=3504.20190004932         2786.21 secs ago
   sensor:c_wpt_lon(lon)=-7543.69730000045        2786.25 secs ago
   sensor:m_battery(volts)=12.0195086903741         4.307 secs ago
   sensor:m_gps_lat(lat)=3504.0672                109.694 secs ago
   sensor:m_gps_lon(lon)=-7543.5641               109.737 secs ago
   sensor:m_iridium_signal_strength(nodim)=5       12.648 secs ago
   sensor:m_leakdetect_voltage(volts)=2.4995115995116     60.109 secs ago
   sensor:m_leakdetect_voltage_forward(volts)=-1      4.598 secs ago
   sensor:m_mission_start_time(timestamp)=1515410712     1e+308 secs ago
   sensor:m_present_time(timestamp)=1515414012.00223      1.379 secs ago
   sensor:m_tot_num_inflections(nodim)=28329       3108.7 secs ago
   sensor:m_vacuum(inHg)=8.65481285103785           4.712 secs ago
   sensor:m_water_vx(m/s)=0.156231105397101        1e+308 secs ago
   sensor:m_water_vy(m/s)=0.0847489451242281       1e+308 secs ago
   sensor:u_use_current_correction(nodim)=1        1e+308 secs ago
   sensor:x_last_wpt_lat(lat)=3504.20190004932    2792.67 secs ago
   sensor:x_last_wpt_lon(lon)=-7543.69730000045    2792.71 secs ago
ABORT HISTORY: total since reset: 6
ABORT HISTORY: last abort cause: MS_ABORT_DEVICE_ERROR
ABORT HISTORY: last abort details: The deadman device driver returned an error.
ABORT HISTORY: last abort time: 2018-01-08T10:59:22
ABORT HISTORY: last abort segment: ramses-2018-007-1-2 (0097.0002)
ABORT HISTORY: last abort mission: lastgasp.mi
  3301    No login script found for processing.
callback 5

I am going to hangup the Iridium!
I will call you back in 5 minutes
at the primary number ( 881600005168 )


GliderDos N -1 >  3366 12 disabl