Connection Event: Carrier Detect found. 70552    Iridium console active and ready...
Vehicle Name: ramses
Curr Time: Wed Jan 10 13:05:44 2018 MT:   70551
DR  Location:  3502.843 N -7524.821 E measured     41.421 secs ago
GPS TooFar:    3501.499 N -7531.577 E measured    26047.1 secs ago
GPS Invalid :  3502.711 N -7525.428 E measured     1817.6 secs ago
GPS Location:  3502.843 N -7524.821 E measured     45.461 secs ago
   sensor:c_wpt_lat(lat)=3501.15050004916         70234.3 secs ago
   sensor:c_wpt_lon(lon)=-7536.52020000037        70234.4 secs ago
   sensor:m_battery(volts)=12.03936299781           4.308 secs ago
   sensor:m_gps_lat(lat)=3502.8428                 45.774 secs ago
   sensor:m_gps_lon(lon)=-7524.8211                45.816 secs ago
   sensor:m_iridium_signal_strength(nodim)=5        12.66 secs ago
   sensor:m_leakdetect_voltage(volts)=2.5          51.893 secs ago
   sensor:m_leakdetect_voltage_forward(volts)=-1      4.601 secs ago
   sensor:m_mission_start_time(timestamp)=1515518992     1e+308 secs ago
   sensor:m_present_time(timestamp)=1515589543.52841      1.379 secs ago
   sensor:m_tot_num_inflections(nodim)=28352      70439.9 secs ago
   sensor:m_vacuum(inHg)=7.81150616605616           4.714 secs ago
   sensor:m_water_vx(m/s)=0                        1e+308 secs ago
   sensor:m_water_vy(m/s)=0                        1e+308 secs ago
   sensor:u_use_current_correction(nodim)=0        1e+308 secs ago
   sensor:x_last_wpt_lat(lat)=3501.15050004916    70244.1 secs ago
   sensor:x_last_wpt_lon(lon)=-7536.52020000037    70244.1 secs ago
ABORT HISTORY: total since reset: 2
ABORT HISTORY: last abort cause: MS_ABORT_DEVICE_ERROR
ABORT HISTORY: last abort details: The buoyancy_pump device driver returned an error.
ABORT HISTORY: last abort time: 2018-01-09T17:07:13
ABORT HISTORY: last abort segment: ramses-2018-008-3-0 (0108.0000)
ABORT HISTORY: last abort mission: INI0.MI
 70553    No login script found for processing.
callback 30

I am going to hangup the Iridium!
I will call you back in 30 minutes
at the primary number ( 881600005168 )


GliderDos N -1 > 70571 62 disabling Iridium cons