Connection Event: Carrier Detect found.  8175    Iridium console active and ready...
Vehicle Name: ramses
Curr Time: Mon Jan  8 16:52:25 2018 MT:    8175
DR  Location:  3503.425 N -7543.094 E measured     44.692 secs ago
GPS TooFar:    3503.732 N -7543.414 E measured     1e+308 secs ago
GPS Invalid :  3503.429 N -7543.111 E measured    1211.72 secs ago
GPS Location:  3503.425 N -7543.094 E measured      45.75 secs ago
   sensor:c_wpt_lat(lat)=3503.68300004929         7836.39 secs ago
   sensor:c_wpt_lon(lon)=-7543.36260000044        7836.43 secs ago
   sensor:m_battery(volts)=12.0863113747976         4.345 secs ago
   sensor:m_gps_lat(lat)=3503.4247                 46.061 secs ago
   sensor:m_gps_lon(lon)=-7543.0942                46.105 secs ago
   sensor:m_iridium_signal_strength(nodim)=5       12.632 secs ago
   sensor:m_leakdetect_voltage(volts)=2.4997557997558     40.143 secs ago
   sensor:m_leakdetect_voltage_forward(volts)=-1       4.64 secs ago
   sensor:m_mission_start_time(timestamp)=1515422169     1e+308 secs ago
   sensor:m_present_time(timestamp)=1515430344.23987      1.368 secs ago
   sensor:m_tot_num_inflections(nodim)=28332      7961.05 secs ago
   sensor:m_vacuum(inHg)=8.84852979242979           4.753 secs ago
   sensor:m_water_vx(m/s)=0.156231105397101        1e+308 secs ago
   sensor:m_water_vy(m/s)=0.0847489451242281       1e+308 secs ago
   sensor:u_use_current_correction(nodim)=1        1e+308 secs ago
   sensor:x_last_wpt_lat(lat)=3503.68300004929     7842.8 secs ago
   sensor:x_last_wpt_lon(lon)=-7543.36260000044    7842.84 secs ago
ABORT HISTORY: total since reset: 7
ABORT HISTORY: last abort cause: MS_ABORT_DEVICE_ERROR
ABORT HISTORY: last abort details: The deadman device driver returned an error.
ABORT HISTORY: last abort time: 2018-01-08T14:09:16
ABORT HISTORY: last abort segment: ramses-2018-007-3-0 (0099.0000)
ABORT HISTORY: last abort mission: SHELF_30.MI
  8177    No login script found for processing.
callback 20

I am going to hangup the Iridium!
I will call you back in 20 minutes
at the primary number ( 881600005168 )


GliderDos N -1 >  8197 89 disabling