Connection Event: Carrier Detect found. 61225    Iridium console active and ready...
Vehicle Name: ramses
Curr Time: Wed Jan 10 10:30:17 2018 MT:   61224
DR  Location:  3502.373 N -7527.834 E measured     45.411 secs ago
GPS TooFar:    3501.499 N -7531.577 E measured      16720 secs ago
GPS Invalid :  3502.336 N -7528.364 E measured    1820.56 secs ago
GPS Location:  3502.372 N -7527.834 E measured     49.479 secs ago
   sensor:c_wpt_lat(lat)=3501.15050004916         60907.2 secs ago
   sensor:c_wpt_lon(lon)=-7536.52020000037        60907.2 secs ago
   sensor:m_battery(volts)=12.031933441234          4.303 secs ago
   sensor:m_gps_lat(lat)=3502.3725                 49.791 secs ago
   sensor:m_gps_lon(lon)=-7527.8338                49.833 secs ago
   sensor:m_iridium_signal_strength(nodim)=5       16.742 secs ago
   sensor:m_leakdetect_voltage(volts)=2.5          55.708 secs ago
   sensor:m_leakdetect_voltage_forward(volts)=-1        4.6 secs ago
   sensor:m_mission_start_time(timestamp)=1515518992     1e+308 secs ago
   sensor:m_present_time(timestamp)=1515580216.40817      1.375 secs ago
   sensor:m_tot_num_inflections(nodim)=28352      61112.7 secs ago
   sensor:m_vacuum(inHg)=7.84321233211233            4.71 secs ago
   sensor:m_water_vx(m/s)=0                        1e+308 secs ago
   sensor:m_water_vy(m/s)=0                        1e+308 secs ago
   sensor:u_use_current_correction(nodim)=0        1e+308 secs ago
   sensor:x_last_wpt_lat(lat)=3501.15050004916      60917 secs ago
   sensor:x_last_wpt_lon(lon)=-7536.52020000037      60917 secs ago
ABORT HISTORY: total since reset: 2
ABORT HISTORY: last abort cause: MS_ABORT_DEVICE_ERROR
ABORT HISTORY: last abort details: The buoyancy_pump device driver returned an error.
ABORT HISTORY: last abort time: 2018-01-09T17:07:13
ABORT HISTORY: last abort segment: ramses-2018-008-3-0 (0108.0000)
ABORT HISTORY: last abort mission: INI0.MI
 61226    No login script found for processing.
callback 30

I am going to hangup the Iridium!
I will call you back in 30 minutes
at the primary number ( 881600005168 )


GliderDos N -1 > 61243 69 disabling Iri