Connection Event: Carrier Detect found.145987    Iridium console active and ready...
Vehicle Name: ramses
Curr Time: Thu May 17 09:34:03 2018 MT:  145986
DR  Location:  3551.185 N -7506.404 E measured      582.8 secs ago
GPS TooFar:    3551.566 N -7517.494 E measured     105490 secs ago
GPS Invalid :  3551.381 N -7506.310 E measured     691.53 secs ago
GPS Location:  3551.185 N -7506.404 E measured    585.198 secs ago
   sensor:c_wpt_lat(lat)=3550.99587               655.787 secs ago
   sensor:c_wpt_lon(lon)=-7505.06336              655.833 secs ago
   sensor:m_battery(volts)=14.169931061553        559.518 secs ago
   sensor:m_gps_lat(lat)=3551.1853                585.518 secs ago
   sensor:m_gps_lon(lon)=-7506.4044               585.559 secs ago
   sensor:m_iridium_signal_strength(nodim)=3       12.492 secs ago
   sensor:m_leakdetect_voltage(volts)=2.5         559.601 secs ago
   sensor:m_leakdetect_voltage_forward(volts)=-1      4.509 secs ago
   sensor:m_mission_start_time(timestamp)=1526403656     1e+308 secs ago
   sensor:m_present_time(timestamp)=1526549642.7869      1.381 secs ago
   sensor:m_tot_num_inflections(nodim)=28965      895.611 secs ago
   sensor:m_vacuum(inHg)=8.35089764957265         621.107 secs ago
   sensor:m_water_vx(m/s)=0.0925439898424389      658.715 secs ago
   sensor:m_water_vy(m/s)=0.00144366688122718     658.752 secs ago
   sensor:u_use_current_correction(nodim)=1        1e+308 secs ago
   sensor:x_last_wpt_lat(lat)=3550.98971          656.666 secs ago
   sensor:x_last_wpt_lon(lon)=-7506.46398         656.708 secs ago
145988    No login script found for processing.
146039    01180037.mlg LOG FILE OPENED
Megabytes used      on CF file system = 54.031250
Megabytes available on CF file system = 1946.906250
146042    init_gps_input()
146042    behavior surface_7: SUBSTATE 7 ->9 : Waiting for final gps fix
146042    behavior surface_7: TIMED OUT WAITING FOR A CHARACTER

surface_7: Waiting for final GPS fix.
146044    disabling Iridium cons