Connection Event: Carrier Detect found. 38808    Iridium console active and ready...
Vehicle Name: ramses
Curr Time: Wed Jan 10 04:16:40 2018 MT:   38807
DR  Location:  3501.273 N -7532.489 E measured     41.404 secs ago
GPS TooFar:    3501.249 N -7532.749 E measured    1934.92 secs ago
GPS Invalid :  3501.249 N -7532.745 E measured    1815.77 secs ago
GPS Location:  3501.273 N -7532.489 E measured     41.624 secs ago
   sensor:c_wpt_lat(lat)=3501.15050004916         38490.7 secs ago
   sensor:c_wpt_lon(lon)=-7536.52020000037        38490.8 secs ago
   sensor:m_battery(volts)=12.0296943212651         4.304 secs ago
   sensor:m_gps_lat(lat)=3501.2733                 41.934 secs ago
   sensor:m_gps_lon(lon)=-7532.4893                41.976 secs ago
   sensor:m_iridium_signal_strength(nodim)=5        8.615 secs ago
   sensor:m_leakdetect_voltage(volts)=2.5          58.467 secs ago
   sensor:m_leakdetect_voltage_forward(volts)=-1      4.598 secs ago
   sensor:m_mission_start_time(timestamp)=1515518992     1e+308 secs ago
   sensor:m_present_time(timestamp)=1515557799.96414      1.379 secs ago
   sensor:m_tot_num_inflections(nodim)=28352      38696.3 secs ago
   sensor:m_vacuum(inHg)=8.27008559218559           4.712 secs ago
   sensor:m_water_vx(m/s)=0                        1e+308 secs ago
   sensor:m_water_vy(m/s)=0                        1e+308 secs ago
   sensor:u_use_current_correction(nodim)=0        1e+308 secs ago
   sensor:x_last_wpt_lat(lat)=3501.15050004916    38500.5 secs ago
   sensor:x_last_wpt_lon(lon)=-7536.52020000037    38500.6 secs ago
ABORT HISTORY: total since reset: 2
ABORT HISTORY: last abort cause: MS_ABORT_DEVICE_ERROR
ABORT HISTORY: last abort details: The buoyancy_pump device driver returned an error.
ABORT HISTORY: last abort time: 2018-01-09T17:07:13
ABORT HISTORY: last abort segment: ramses-2018-008-3-0 (0108.0000)
ABORT HISTORY: last abort mission: INI0.MI
 38809    No login script found for processing.
callback 30

I am going to hangup the Iridium!
I will call you back in 30 minutes
at the primary number ( 881600005168 )


GliderDos N -1 > 38831 92 disabling Iridium cons