Connection Event: Carrier Detect found.  1783    Iridium console active and ready...
Vehicle Name: ramses
Curr Time: Tue May 15 14:46:24 2018 MT:    1783
DR  Location:  3550.730 N -7523.570 E measured    123.352 secs ago
GPS TooFar:   69696969.000 N 69696969.000 E measured     1e+308 secs ago
GPS Invalid :  3550.530 N -7523.702 E measured    271.239 secs ago
GPS Location:  3550.730 N -7523.570 E measured    126.113 secs ago
   sensor:c_wpt_lat(lat)=0                         1e+308 secs ago
   sensor:c_wpt_lon(lon)=0                         1e+308 secs ago
   sensor:m_battery(volts)=15.3524336884835         4.509 secs ago
   sensor:m_gps_lat(lat)=3550.7297                126.469 secs ago
   sensor:m_gps_lon(lon)=-7523.5699               126.513 secs ago
   sensor:m_iridium_signal_strength(nodim)=3       20.945 secs ago
   sensor:m_leakdetect_voltage(volts)=2.5          53.463 secs ago
   sensor:m_leakdetect_voltage_forward(volts)=-1      4.805 secs ago
   sensor:m_mission_start_time(timestamp)=1526393801     1e+308 secs ago
   sensor:m_present_time(timestamp)=1526395583.90402        1.5 secs ago
   sensor:m_tot_num_inflections(nodim)=28353       1703.6 secs ago
   sensor:m_vacuum(inHg)=6.97322606837606           4.919 secs ago
   sensor:m_water_vx(m/s)=0                        1e+308 secs ago
   sensor:m_water_vy(m/s)=0                        1e+308 secs ago
   sensor:u_use_current_correction(nodim)=0        1e+308 secs ago
   sensor:x_last_wpt_lat(lat)=3501.1505            1e+308 secs ago
   sensor:x_last_wpt_lon(lon)=-7536.5202           1e+308 secs ago
  1784    No login script found for processing.
get sci_water_cond
 = -0.000080 S/m

GliderDos N -1 >:OOD:digifin_mgr_ctrl:OUT OF DEADBAND: M_FIN:-0.0528 C_FIN:0.0000
:OOD:digifin_mgr_ctrl:OUT OF DEADBAND: M_FIN:-0.0466 C_FIN:0.0000
:OOD:digifin_mgr_ctrl:OUT OF DEADBAND: M_FIN:0.1211 C_FIN:0.0000
:OOD:digifin_mgr_ctrl:OUT OF DEADBAND: M_FIN:-0.5944 C_FIN:0.0000
get sci_water_cond
 = 4.115500 S/m

GliderDos N -1 >get sci_water_temp
 = 17.156100 degC

GliderDos N -1 >run status.mi

Starting Mission: STATUS.MI
The instantaneous lag time between the system and gps clock is -111.0 seconds.
The average lag time between the system and gps clock is -84.8 seconds.
Exiting all devices ...
  2109 90 disabling Iridium cons