Connection Event: Carrier Detect found. 10144    Iridium console active and ready...
Vehicle Name: ramses
Curr Time: Tue Jan  9 20:18:56 2018 MT:   10143
DR  Location:  3501.536 N -7535.208 E measured     41.394 secs ago
GPS TooFar:    3501.529 N -7535.233 E measured    1770.34 secs ago
GPS Invalid :  3501.453 N -7535.568 E measured    3680.24 secs ago
GPS Location:  3501.536 N -7535.208 E measured     45.434 secs ago
   sensor:c_wpt_lat(lat)=3501.15050004916         9826.34 secs ago
   sensor:c_wpt_lon(lon)=-7536.52020000037        9826.38 secs ago
   sensor:m_battery(volts)=12.0327451755388         4.301 secs ago
   sensor:m_gps_lat(lat)=3501.5355                 45.745 secs ago
   sensor:m_gps_lon(lon)=-7535.2076                45.787 secs ago
   sensor:m_iridium_signal_strength(nodim)=5       12.642 secs ago
   sensor:m_leakdetect_voltage(volts)=2.5          53.258 secs ago
   sensor:m_leakdetect_voltage_forward(volts)=-1      4.597 secs ago
   sensor:m_mission_start_time(timestamp)=1515518992     1e+308 secs ago
   sensor:m_present_time(timestamp)=1515529135.55701      1.374 secs ago
   sensor:m_tot_num_inflections(nodim)=28352      10031.9 secs ago
   sensor:m_vacuum(inHg)=8.11967463369963            4.71 secs ago
   sensor:m_water_vx(m/s)=0                        1e+308 secs ago
   sensor:m_water_vy(m/s)=0                        1e+308 secs ago
   sensor:u_use_current_correction(nodim)=0        1e+308 secs ago
   sensor:x_last_wpt_lat(lat)=3501.15050004916    9836.12 secs ago
   sensor:x_last_wpt_lon(lon)=-7536.52020000037    9836.16 secs ago
ABORT HISTORY: total since reset: 2
ABORT HISTORY: last abort cause: MS_ABORT_DEVICE_ERROR
ABORT HISTORY: last abort details: The buoyancy_pump device driver returned an error.
ABORT HISTORY: last abort time: 2018-01-09T17:07:13
ABORT HISTORY: last abort segment: ramses-2018-008-3-0 (0108.0000)
ABORT HISTORY: last abort mission: INI0.MI
 10145    No login script found for processing.
callback 30

I am going to hangup the Iridium!
I will call you back in 30 minutes
at the primary number ( 881600005168 )


GliderDos N -1 > 10164  5 disabli