Connection Event: Carrier Detect found.880.22    Iridium console active and ready...
Vehicle Name: ramses
Curr Time: Tue May 15 15:47:55 2018 MT:     879
DR  Location:  3550.997 N -7523.090 E measured      0.894 secs ago
GPS TooFar:   69696969.000 N 69696969.000 E measured     1e+308 secs ago
GPS Invalid :  3551.007 N -7523.103 E measured    580.771 secs ago
GPS Location:  3550.997 N -7523.090 E measured    481.375 secs ago
   sensor:c_wpt_lat(lat)=0                         1e+308 secs ago
   sensor:c_wpt_lon(lon)=0                         1e+308 secs ago
   sensor:m_battery(volts)=15.2756821946058         4.488 secs ago
   sensor:m_gps_lat(lat)=3550.9972                481.819 secs ago
   sensor:m_gps_lon(lon)=-7523.09                  481.88 secs ago
   sensor:m_iridium_signal_strength(nodim)=5       13.125 secs ago
   sensor:m_leakdetect_voltage(volts)=2.49993894993895      4.608 secs ago
   sensor:m_leakdetect_voltage_forward(volts)=-1      4.654 secs ago
   sensor:m_mission_start_time(timestamp)=1526398394     1e+308 secs ago
   sensor:m_present_time(timestamp)=1526399274.28125      1.706 secs ago
   sensor:m_tot_num_inflections(nodim)=28361       593.93 secs ago
   sensor:m_vacuum(inHg)=7.76472023809524           5.033 secs ago
   sensor:m_water_vx(m/s)=0.774264630457268       498.357 secs ago
   sensor:m_water_vy(m/s)=0.0317207460157777      498.407 secs ago
   sensor:u_use_current_correction(nodim)=0        1e+308 secs ago
   sensor:x_last_wpt_lat(lat)=3501.1505            1e+308 secs ago
   sensor:x_last_wpt_lon(lon)=-7536.5202           1e+308 secs ago
881.51    No login script found for processing.


906.86 84 GliderDos: No keystroke heard for 0 seconds
          600 seconds to go before running:SEQUENCE -resume_next

GliderDos N -1 >cd ..



GliderDos N -1 >cd mafiles

\MAFILES

GliderDos N -1 >type surfac99.ma

behavior_name=surface

# SURFAC99.MA - SURFACING INTERVAL = 15 min

<start:b_arg>

    b_arg: start_when(enum)    9   # 0-immediately, 1-stack idle 2-depth idle 6-when_secs
                                  # 7-when_wpt_dist 8-when hit waypoint 9-every when_secs
    b_arg: when_secs(s)     900   # How long between surfacing, only if start_when==6 or 9

    b_arg: end_action(enum)   1     # 0-quit, 1 wait for ^C quit/resume, 2 resume
    b_arg: report_all(bool)   1     # T->report all sensors once, F->just gps
    b_arg: gps_wait_time(s) 300    # how long to wait for gps
    b_arg: keystroke_wait_time(s) 300   # how long to wait for control-C


<end:b_arg>


GliderDos N -1 >cd ..



GliderDos N -1 >run shelf_30.mi

Starting Mission: SHELF_30.MI
The instantaneous lag time between the system and gps clock is -4.0 seconds.
The average lag time between the system and gps clock is -2.5 seconds.
timestamp: Tue May 15 15:49:56 2018
load_mission(): Opening Mission file: SHELF_30.MI
Setting SENSOR u_use_current_correction(nodim) = 1.000000
Setting SENSOR c_science_send_all(bool) = 0.000000
Setting SENSOR c_science_all_on_enabled(bool) = 0.000000
Vehicle Name: ramses
Curr Time: Tue May 15 15:49:57 2018 MT:    1000
DR  Location:  3550.997 N -7523.090 E measured      2.625 secs ago
GPS TooFar:   69696969.000 N 69696969.000 E measured     1e+308 secs ago
GPS Invalid :  3551.007 N -7523.103 E measured    702.678 secs ago
GPS Location:  3550.997 N -7523.090 E measured    603.281 secs ago
   sensor:c_wpt_lat(lat)=0                         1e+308 secs ago
   sensor:c_wpt_lon(lon)=0                         1e+308 secs ago
   sensor:m_battery(volts)=15.2688544461105         1.688 secs ago
   sensor:m_gps_lat(lat)=3550.9972                603.724 secs ago
   sensor:m_gps_lon(lon)=-7523.09                 603.783 secs ago
   sensor:m_iridium_signal_strength(nodim)=5      135.026 secs ago
   sensor:m_leakdetect_voltage(volts)=2.4996336996337      1.798 secs ago
   sensor:m_leakdetect_voltage_forward(volts)=-1      1.844 secs ago
   sensor:m_mission_start_time(timestamp)=1526398394     1e+308 secs ago
   sensor:m_present_time(timestamp)=1526399394.88647      3.001 secs ago
   sensor:m_tot_num_inflections(nodim)=28361      715.831 secs ago
   sensor:m_vacuum(inHg)=7.76085363247863           2.227 secs ago
   sensor:m_water_vx(m/s)=0.774264630457268       620.256 secs ago
   sensor:m_water_vy(m/s)=0.0317207460157777      620.307 secs ago
   sensor:u_use_current_correction(nodim)=1         1.838 secs ago
   sensor:x_last_wpt_lat(lat)=3501.1505            1e+308 secs ago
   sensor:x_last_wpt_lon(lon)=-7536.5202           1e+308 secs ago
start_alldevices()

PARSED iridium_phone_data for datum# 0: ===========
   predial initialization cmds (from c:\config\iridinit.0):
      ATE
      AT+cbst=6,0,1
      AT+CSQ
   dial string: ATD00881600005168
      from sensors:
         C_IRIDIUM_LEAD_ZEROS
         C_IRIDIUM_PHONE_NUM
   Iridium login script (from c:\config\loginexp.0):   empty or non-existent

PARSED iridium_phone_data for datum# 1: ===========
   predial initialization cmds (from c:\config\iridinit.1):
      ATE
      AT+cbst=6,0,1
      AT+CSQ
   dial string: ATD0015085482446
      from sensors:
         C_IRIDIUM_LEAD_ZEROS_ALT
         C_IRIDIUM_PHONE_NUM_ALT
   Iridium login script (from c:\config\loginexp.1):   empty or non-existent
 61.64  2 01170000.mlg LOG FILE OPENED
MissionSTARTDate: 15 May 2018 15:49:58 Z
Mission Name:   SHELF_30.MI
Mission Number: ramses-2018-134-5-0 (0117.0000)
log_c_stack():
  1-abend           2-surface         3-surface         4-surface         5-surface         
  6-surface         7-surface         8-goto_list       9-yo              10-sample          
  11-sample          12-sample          13-prepare_to_dive 14-sensors_in      
report_heap_size(): M_FREE_HEAP=253.0K,  M_SPARE_HEAP=234.0K
pre_mission_init():End of Initialization
 65.38  3 behavior sensors_in_14: STATE UnInited -> Active
 65.44    behavior sensors_in_14: argument: c_att_time = -1.000000 sec
 65.51    behavior sensors_in_14: argument: c_pressure_time = -1.000000 sec
 65.57    behavior sensors_in_14: argument: c_alt_time = -1.000000 sec
 65.64    behavior sensors_in_14: argument: u_battery_time = -1.000000 sec
 65.70    behavior sensors_in_14: argument: u_vacuum_time = -1.000000 sec
 65.77    behavior sensors_in_14: argument: c_leakdetect_time = -1.000000 sec
 65.84    behavior sensors_in_14: argument: c_gps_on = 0.000000 bool
 65.90    behavior sensors_in_14: argument: c_science_all_on = -1.000000 sec
 65.96    behavior sensors_in_14: argument: c_profile_on = -1.000000 sec
 66.03    behavior sensors_in_14: argument: c_hs2_on = -1.000000 sec
 66.09    behavior sensors_in_14: argument: c_bb2f_on = -1.000000 sec
 66.16    behavior sensors_in_14: argument: c_bb2c_on = -1.000000 sec
 66.22    behavior sensors_in_14: argument: c_bb2lss_on = -1.000000 sec
 66.29    behavior sensors_in_14: argument: c_sam_on = -1.000000 sec
 66.35    behavior sensors_in_14: argument: c_whpar_on = -1.000000 sec
 66.41    behavior sensors_in_14: argument: c_whgpbm_on = -1.000000 sec
 66.48    behavior sensors_in_14: argument: c_motebb_on = -1.000000 sec
 66.54    behavior sensors_in_14: argument: c_bbfl2s_on = -1.000000 sec
 66.61    behavior sensors_in_14: argument: c_fl3slo_on = -1.000000 sec
 66.68    behavior sensors_in_14: argument: c_bb3slo_on = -1.000000 sec
 66.74    behavior sensors_in_14: argument: c_oxy3835_on = -1.000000 sec
 66.81    behavior sensors_in_14: argument: c_whfctd_on = -1.000000 sec
 66.87    behavior sensors_in_14: argument: c_bam_on = -1.000000 sec
 66.95    behavior sensors_in_14: argument: c_ocr504R_on = -1.000000 sec
 67.02    behavior sensors_in_14: argument: c_ocr504I_on = -1.000000 sec
 67.08    behavior sensors_in_14: argument: c_flntu_on = -1.000000 sec
 67.14    behavior sensors_in_14: argument: c_fl3slov2_on = -1.000000 sec
 67.21    behavior sensors_in_14: argument: c_bb3slov2_on = -1.000000 sec
 67.28    behavior sensors_in_14: argument: c_ocr507R_on = -1.000000 sec
 67.34    behavior sensors_in_14: argument: c_ocr507I_on = -1.000000 sec
 67.40    behavior sensors_in_14: argument: c_bb3slov3_on = -1.000000 sec
 67.47    behavior sensors_in_14: argument: c_bb2fls_on = -1.000000 sec
 67.54    behavior sensors_in_14: argument: c_bb2flsV2_on = -1.000000 sec
 67.60    behavior sensors_in_14: argument: c_oxy3835_wphase_on = -1.000000 sec
 67.67    behavior sensors_in_14: argument: c_auvb_on = -1.000000 sec
 67.74    behavior sensors_in_14: argument: c_bb2fV2_on = -1.000000 sec
 67.80    behavior sensors_in_14: argument: c_tarr_on = -1.000000 sec
 67.87    behavior sensors_in_14: argument: c_bbfl2sV2_on = -1.000000 sec
 67.93    behavior sensors_in_14: argument: c_glbps_on = -1.000000 sec
 68.00    behavior sensors_in_14: argument: c_sscsd_on = -1.000000 sec
 68.06    behavior sensors_in_14: argument: c_bb2flsV3_on = -1.000000 sec
 68.13    behavior sensors_in_14: argument: c_fire_on = -1.000000 sec
 68.19    behavior sensors_in_14: argument: c_ohf_on = -1.000000 sec
 68.26    behavior sensors_in_14: argument: c_bb2flsV4_on = -1.000000 sec
 68.32    behavior sensors_in_14: argument: c_bb2flsV5_on = -1.000000 sec
 68.39    behavior sensors_in_14: argument: c_logger_on = -1.000000 sec
 68.45    behavior sensors_in_14: argument: c_bbam_on = -1.000000 sec
 68.52    behavior sensors_in_14: argument: c_uModem_on = -1.000000 sec
 68.58    behavior sensors_in_14: argument: c_rinkoII_on = -1.000000 sec
 68.65    behavior sensors_in_14: argument: c_dvl_on = -1.000000 sec
 68.71    behavior sensors_in_14: argument: c_bb2flsV6_on = -1.000000 sec
 68.78    behavior sensors_in_14: argument: c_flbbrh_on = -1.000000 sec
 68.84    behavior sensors_in_14: argument: c_flur_on = -1.000000 sec
 68.91    behavior sensors_in_14: argument: c_bb2flsV7_on = -1.000000 sec
 68.98    behavior sensors_in_14: argument: c_flbbcd_on = -1.000000 sec
 69.04    behavior sensors_in_14: argument: c_dmon_on = -1.000000 sec
 69.10    behavior sensors_in_14: argument: c_c3sfl_on = -1.000000 sec
 69.17    behavior sensors_in_14: argument: c_suna_on = -1.000000 sec
 69.23    behavior sensors_in_14: argument: c_satpar_on = -1.000000 sec
 69.30    behavior sensors_in_14: argument: c_vsf_on = -1.000000 sec
 69.36    behavior sensors_in_14: argument: c_oxy4_on = -1.000000 sec
 69.43    behavior sensors_in_14: argument: c_gamma_rad5_on = -1.000000 sec
 69.49    behavior sensors_in_14: argument: c_bsipar_on = -1.000000 sec
 69.56    behavior sensors_in_14: argument: c_flbb_on = -1.000000 sec
 69.62    behavior sensors_in_14: argument: c_vr2c_on = -1.000000 sec
 69.68    behavior sensors_in_14: argument: c_ctd41cp2_on = -1.000000 sec
 69.80    behavior prepare_to_dive_13: STATE UnInited -> Waiting for Activation
 69.86    behavior prepare_to_dive_13: argument: args_from_file = -1.000000 enum
 69.93    behavior prepare_to_dive_13: argument: start_when = 0.000000 enum
 69.99    behavior prepare_to_dive_13: argument: wait_time = 720.000000 sec
 70.06    behavior prepare_to_dive_13: argument: max_thermal_charge_time = 120.000000 sec
 70.13    behavior prepare_to_dive_13: argument: max_pumping_charge_time = 1000.000000 sec
 70.20    behavior prepare_to_dive_13: STATE Waiting for Activation -> Active
 70.26    init_gps_input()
 70.30    behavior prepare_to_dive_13: SUBSTATE 0 UnInited->1 : Waiting for initial GPS fix
 70.3