Connection Event: Carrier Detect found.197795    Iridium console active and ready...
Vehicle Name: ramses
Curr Time: Thu May 31 04:02:45 2018 MT:  197794
DR  Location:  3525.216 N -7503.404 E measured     41.026 secs ago
GPS TooFar:    3551.566 N -7517.494 E measured     1e+308 secs ago
GPS Invalid :  3525.187 N -7503.462 E measured     88.309 secs ago
GPS Location:  3525.216 N -7503.404 E measured     43.415 secs ago
   sensor:c_wpt_lat(lat)=3526.486                 123.498 secs ago
   sensor:c_wpt_lon(lon)=-7505.926                123.576 secs ago
   sensor:m_battery(volts)=12.7908923627365         5.453 secs ago
   sensor:m_gps_lat(lat)=3525.2156                 43.844 secs ago
   sensor:m_gps_lon(lon)=-7503.4039                43.917 secs ago
   sensor:m_iridium_signal_strength(nodim)=5       10.642 secs ago
   sensor:m_leakdetect_voltage(volts)=2.49996947496947       5.62 secs ago
   sensor:m_leakdetect_voltage_forward(volts)=-1      5.666 secs ago
   sensor:m_mission_start_time(timestamp)=1527541570     1e+308 secs ago
   sensor:m_present_time(timestamp)=1527739364.345      1.797 secs ago
   sensor:m_tot_num_inflections(nodim)=32979      133.984 secs ago
   sensor:m_vacuum(inHg)=7.28294117826618           10.85 secs ago
   sensor:m_water_vx(m/s)=0.248131155848997        57.558 secs ago
   sensor:m_water_vy(m/s)=0.202193728065661        57.612 secs ago
   sensor:u_use_current_correction(nodim)=1        1e+308 secs ago
   sensor:x_last_wpt_lat(lat)=3525.098            2241.01 secs ago
   sensor:x_last_wpt_lon(lon)=-7503.402           2241.07 secs ago
ABORT HISTORY: total since reset: 1
ABORT HISTORY: last abort cause: MS_ABORT_WPT_TOOFAR
ABORT HISTORY: last abort details: 
ABORT HISTORY: last abort time: 2018-05-23T20:37:55
ABORT HISTORY: last abort segment: ramses-2018-134-6-126 (0118.0126)
ABORT HISTORY: last abort mission: SHELF_30.MI
197796    No login script found for processing.
197796    DRIVER_ODDITY:iridium:1551:xxx_ctrl() ran too long
:OSL:buoyancy_pump:OUTSIDE SAFETY LIMIT:OSL: M_su:249.1488 C_su:233.0000
:OSL:   limits:243.0000 -243.0000 over:6.1488
197805  0 DRIVER_ODDITY:buoyancy_pump:310:motor_compute_limits() warning




Glider ramses at surface.
Because:timeout expired [behavior surface_7 start_when = 9.0]
MissionName:SHELF_30.MI MissionNum:ramses-2018-147-0-28 (0120.0028)
Vehicle Name: ramses
Curr Time: Thu May 31 04:03:00 2018 MT:  197810
DR  Location:  3525.216 N -7503.404 E measured     55.904 secs ago
GPS TooFar:    3551.566 N -7517.494 E measured     1e+308 secs ago
GPS Invalid :  3525.187 N -7503.462 E measured    103.187 secs ago
GPS Location:  3525.216 N -7503.404 E measured     58.291 secs ago
   sensor:c_wpt_lat(lat)=3526.486                 138.342 secs ago
   sensor:c_wpt_lon(lon)=-7505.926                138.389 secs ago
   sensor:m_battery(volts)=12.7908923627365        20.253 secs ago
   sensor:m_gps_lat(lat)=3525.2156                 58.613 secs ago
   sensor:m_gps_lon(lon)=-7503.4039                58.656 secs ago
   sensor:m_iridium_signal_strength(nodim)=5       25.367 secs ago
   sensor:m_leakdetect_voltage(volts)=2.49996947496947     20.337 secs ago
   sensor:m_leakdetect_voltage_forward(volts)=-1      4.895 secs ago
   sensor:m_mission_start_time(timestamp)=1527541570     1e+308 secs ago
   sensor:m_present_time(timestamp)=1527739380.05206      0.774 secs ago
   sensor:m_tot_num_inflections(nodim)=32979      148.657 secs ago
   sensor:m_vacuum(inHg)=7.28294117826618          25.505 secs ago
   sensor:m_water_vx(m/s)=0.248131155848997        72.197 secs ago
   sensor:m_water_vy(m/s)=0.202193728065661        72.237 secs ago
   sensor:u_use_current_correction(nodim)=1        1e+308 secs ago
   sensor:x_last_wpt_lat(lat)=3525.098            2255.59 secs ago
   sensor:x_last_wpt_lon(lon)=-7503.402           2255.64 secs ago
devices:(t/m/s) errs:   0/   0/   0 warn:   6/   1/   0 odd:3538/ 476/  10
ABORT HISTORY: total since reset: 1
ABORT HISTORY: last abort cause: MS_ABORT_WPT_TOOFAR
ABORT HISTORY: last abort details: 
ABORT HISTORY: last abort time: 2018-05-23T20:37:55
ABORT HISTORY: last abort segment: ramses-2018-134-6-126 (0118.0126)
ABORT HISTORY: last abort mission: SHELF_30.MI

   Hit Control-R to RESUME the mission, i.e. dive!
   Hit Control-C to END    the mission, i.e. GliderDos
   Hit Control-E to extend surface time by 5 minutes.
   Hit Control-W to get device warning reports.
   Hit Control-F to re-read yo, goto_l, surface, sample, drift_ mafiles.
   Hit H <n> <0:1> to Hangup and call back in <n> minutes at 0-primary 1-alternate number.
   Hit S [-f={rf}|{irid] [-num=<n>] [-t=<s>] [filespec ...] to send log files
   Hit ! <GliderDos cmd>  to execute <GliderDos cmd>
   Hit Control-T to consci to science computer when comms ready:
                                               ... communications ready for consci.

Water Velocity Calculations COMPLETE
Waypoint: (3526.4860,-7505.9260) Range: 4480m, Bearing: 314deg, Age: 0:37h:m
Time until diving is: 342 secs
197812  0 DRIVER_ODDITY:buoyancy_pump:0:motor out of deadband
:OOD:buoyancy_pump:OUT OF DEADBAND: M_su:249.1488 C_su:233.0000
:OOD:   delta:16.1488 limit:10.0000 over:6.1488




Glider ramses at surface.
Because:specified UTC time [behavior surface_6 start_when = 13.0]
MissionName:SHELF_30.MI MissionNum:ramses-2018-147-0-28 (0120.0028)
Vehicle Name: ramses
Curr Time: Thu May 31 04:03:05 2018 MT:  197815
DR  Location:  3525.216 N -7503.404 E measured     61.249 secs ago
GPS TooFar:    3551.566 N -7517.494 E measured     1e+308 secs ago
GPS Invalid :  3525.187 N -7503.462 E measured    108.532 secs ago
GPS Location:  3525.216 N -7503.404 E measured     63.636 secs ago
   sensor:c_wpt_lat(lat)=3526.486                 143.688 secs ago
   sensor:c_wpt_lon(lon)=-7505.926                143.735 secs ago
   sensor:m_battery(volts)=12.7908923627365        25.599 secs ago
   sensor:m_gps_lat(lat)=3525.2156                 63.959 secs ago
   sensor:m_gps_lon(lon)=-7503.4039                64.002 secs ago
   sensor:m_iridium_signal_strength(nodim)=5       30.714 secs ago
   sensor:m_leakdetect_voltage(volts)=2.49996947496947     25.688 secs ago
   sensor:m_leakdetect_voltage_forward(volts)=-1      3.559 secs ago
   sensor:m_mission_start_time(timestamp)=1527541570     1e+308 secs ago
   sensor:m_present_time(timestamp)=1527739385.37628      0.804 secs ago
   sensor:m_tot_num_inflections(nodim)=32979      154.009 secs ago
   sensor:m_vacuum(inHg)=7.28294117826618          30.858 secs ago
   sensor:m_water_vx(m/s)=0.248131155848997         77.55 secs ago
   sensor:m_water_vy(m/s)=0.202193728065661        77.589 secs ago
   sensor:u_use_current_correction(nodim)=1        1e+308 secs ago
   sensor:x_last_wpt_lat(lat)=3525.098            2260.94 secs ago
   sensor:x_last_wpt_lon(lon)=-7503.402           2260.99 secs ago
devices:(t/m/s) errs:   0/   0/   0 warn:   6/   1/   0 odd:3539/ 477/  11
ABORT HISTORY: total since reset: 1
ABORT HISTORY: last abort cause: MS_ABORT_WPT_TOOFAR
ABORT HISTORY: last abort details: 
ABORT HISTORY: last abort time: 2018-05-23T20:37:55
ABORT HISTORY: last abort segment: ramses-2018-134-6-126 (0118.0126)
ABORT HISTORY: last abort mission: SHELF_30.MI

   Hit Control-R to RESUME the mission, i.e. dive!
   Hit Control-C to END    the mission, i.e. GliderDos
   Hit Control-E to extend surface time by 5 minutes.
   Hit Control-W to get device warning reports.
   Hit Control-F to re-read yo, goto_l, surface, sample, drift_ mafiles.
   Hit H <n> <0:1> to Hangup and call back in <n> minutes at 0-primary 1-alternate number.
   Hit S [-f={rf}|{irid] [-num=<n>] [-t=<s>] [filespec ...] to send log files
   Hit ! <GliderDos cmd>  to execute <GliderDos cmd>
   Hit Control-T to consci to science computer when comms ready:
                                               ... communications ready for consci.

Water Velocity Calculations COMPLETE
Waypoint: (3526.4860,-7505.9260) Range: 4480m, Bearing: 314deg, Age: 0:37h:m
Time until diving is: 230 secs
s *.sbd *.tbd

--------------------------------
197826  4 01200028.mlg LOG FILE CLOSED
SCIENCE DATA LOGGING: science IS running
CONSCI REQUESTED (using IRIDIUM as console)
ASKING SCIENCE COMPUTER TO SWITCH TO COMMAND MODE via IRIDIUM
SWITCHING TO SCIENCE COMMAND MODE over IRIDIUM
Normal operation resumes when:
    SciDos> QUIT              -or-
    Lose CD (unplug freewave/hangup iridium) -or-
    run longer than U_SCI_CMD_MAX_CONSCI_TIME(3600)s
197835  6 Neutering the Freewave Console
SCI: Implicitly limiting total transfer to 1800 secs, representing 180 KB total size
SCI: Enumerating and selecting files
SCI: About to send 2 files
Prechecking is not necessary for this invocation
START
**B00
SHUFFLING FILES..
SCI: Sent 2 fi