Connection Event: Carrier Detect found. 23811    Iridium console active and ready...
Vehicle Name: ramses
Curr Time: Wed Jan 10 00:06:43 2018 MT:   23810
DR  Location:  3501.616 N -7533.436 E measured    118.573 secs ago
GPS TooFar:    3501.626 N -7533.468 E measured    1173.36 secs ago
GPS Invalid :  3501.635 N -7533.534 E measured    1883.85 secs ago
GPS Location:  3501.616 N -7533.436 E measured    122.614 secs ago
   sensor:c_wpt_lat(lat)=3501.15050004916         23493.4 secs ago
   sensor:c_wpt_lon(lon)=-7536.52020000037        23493.4 secs ago
   sensor:m_battery(volts)=12.0155832161723         4.353 secs ago
   sensor:m_gps_lat(lat)=3501.6163                122.924 secs ago
   sensor:m_gps_lon(lon)=-7533.4357               122.967 secs ago
   sensor:m_iridium_signal_strength(nodim)=5       12.685 secs ago
   sensor:m_leakdetect_voltage(volts)=2.5          40.943 secs ago
   sensor:m_leakdetect_voltage_forward(volts)=-1      4.645 secs ago
   sensor:m_mission_start_time(timestamp)=1515518992     1e+308 secs ago
   sensor:m_present_time(timestamp)=1515542802.60791      1.371 secs ago
   sensor:m_tot_num_inflections(nodim)=28352      23698.9 secs ago
   sensor:m_vacuum(inHg)=7.87414517704518           4.759 secs ago
   sensor:m_water_vx(m/s)=0                        1e+308 secs ago
   sensor:m_water_vy(m/s)=0                        1e+308 secs ago
   sensor:u_use_current_correction(nodim)=0        1e+308 secs ago
   sensor:x_last_wpt_lat(lat)=3501.15050004916    23503.2 secs ago
   sensor:x_last_wpt_lon(lon)=-7536.52020000037    23503.2 secs ago
ABORT HISTORY: total since reset: 2
ABORT HISTORY: last abort cause: MS_ABORT_DEVICE_ERROR
ABORT HISTORY: last abort details: The buoyancy_pump device driver returned an error.
ABORT HISTORY: last abort time: 2018-01-09T17:07:13
ABORT HISTORY: last abort segment: ramses-2018-008-3-0 (0108.0000)
ABORT HISTORY: last abort mission: INI0.MI
 23812    No login script found for processing.
callback 30

I am going to hangup the Iridium!
I will call you back in 30 minutes
at the primary number ( 881600005168 )


GliderDos N -1 > 23829 61 disabling