Connection Event: Carrier Detect found.  9580    Iridium console active and ready...
Vehicle Name: ramses
Curr Time: Mon Jan  8 22:58:26 2018 MT:    9580
DR  Location:  3502.433 N -7542.940 E measured     41.327 secs ago
GPS TooFar:    3503.732 N -7543.414 E measured     1e+308 secs ago
GPS Invalid :  3502.437 N -7542.931 E measured    1226.71 secs ago
GPS Location:  3502.433 N -7542.940 E measured     45.399 secs ago
   sensor:c_wpt_lat(lat)=3502.79070004924         9175.04 secs ago
   sensor:c_wpt_lon(lon)=-7542.59260000044        9175.08 secs ago
   sensor:m_battery(volts)=12.0224893116796         4.301 secs ago
   sensor:m_gps_lat(lat)=3502.4328                  45.71 secs ago
   sensor:m_gps_lon(lon)=-7542.9399                 45.75 secs ago
   sensor:m_iridium_signal_strength(nodim)=5       12.642 secs ago
   sensor:m_leakdetect_voltage(volts)=2.5          60.227 secs ago
   sensor:m_leakdetect_voltage_forward(volts)=-1      4.598 secs ago
   sensor:m_mission_start_time(timestamp)=1515442725     1e+308 secs ago
   sensor:m_present_time(timestamp)=1515452305.24396      1.374 secs ago
   sensor:m_tot_num_inflections(nodim)=28346      9360.11 secs ago
   sensor:m_vacuum(inHg)=8.81179703907204           4.712 secs ago
   sensor:m_water_vx(m/s)=0.0853980204287164      9376.91 secs ago
   sensor:m_water_vy(m/s)=0.035082753444286       9376.95 secs ago
   sensor:u_use_current_correction(nodim)=1        1e+308 secs ago
   sensor:x_last_wpt_lat(lat)=3502.79070004924    9183.42 secs ago
   sensor:x_last_wpt_lon(lon)=-7542.59260000044    9183.46 secs ago
ABORT HISTORY: total since reset: 10
ABORT HISTORY: last abort cause: MS_ABORT_DEVICE_ERROR
ABORT HISTORY: last abort details: The deadman device driver returned an error.
ABORT HISTORY: last abort time: 2018-01-08T19:55:25
ABORT HISTORY: last abort segment: ramses-2018-007-7-0 (0103.0000)
ABORT HISTORY: last abort mission: SHELF_30.MI
  9582    No login script found for processing.
callback 20

I am going to hangup the Iridium!
I will call you back in 20 minutes
at the primary number ( 881600005168 )


GliderDos N -1 >  9599  3 disabli