Connection Event: Carrier Detect found.  9166    Iridium console active and ready...
Vehicle Name: ramses
Curr Time: Mon Jan  8 13:57:58 2018 MT:    9165
DR  Location:  3503.732 N -7543.414 E measured     44.783 secs ago
GPS TooFar:    3503.732 N -7543.414 E measured      113.2 secs ago
GPS Invalid :  3503.806 N -7543.443 E measured    1223.85 secs ago
GPS Location:  3503.732 N -7543.414 E measured     48.048 secs ago
   sensor:c_wpt_lat(lat)=3504.20190004932         8652.21 secs ago
   sensor:c_wpt_lon(lon)=-7543.69730000045        8652.25 secs ago
   sensor:m_battery(volts)=12.067356184724          4.265 secs ago
   sensor:m_gps_lat(lat)=3503.7324                  48.36 secs ago
   sensor:m_gps_lon(lon)=-7543.4137                48.402 secs ago
   sensor:m_iridium_signal_strength(nodim)=5       12.057 secs ago
   sensor:m_leakdetect_voltage(volts)=2.49932844932845     28.093 secs ago
   sensor:m_leakdetect_voltage_forward(volts)=-1      4.557 secs ago
   sensor:m_mission_start_time(timestamp)=1515410712     1e+308 secs ago
   sensor:m_present_time(timestamp)=1515419878.00516      1.381 secs ago
   sensor:m_tot_num_inflections(nodim)=28329      8974.71 secs ago
   sensor:m_vacuum(inHg)=8.86399621489622           4.676 secs ago
   sensor:m_water_vx(m/s)=0.156231105397101        1e+308 secs ago
   sensor:m_water_vy(m/s)=0.0847489451242281       1e+308 secs ago
   sensor:u_use_current_correction(nodim)=1        1e+308 secs ago
   sensor:x_last_wpt_lat(lat)=3504.20190004932    8658.68 secs ago
   sensor:x_last_wpt_lon(lon)=-7543.69730000045    8658.72 secs ago
ABORT HISTORY: total since reset: 6
ABORT HISTORY: last abort cause: MS_ABORT_DEVICE_ERROR
ABORT HISTORY: last abort details: The deadman device driver returned an error.
ABORT HISTORY: last abort time: 2018-01-08T10:59:22
ABORT HISTORY: last abort segment: ramses-2018-007-1-2 (0097.0002)
ABORT HISTORY: last abort mission: lastgasp.mi
  9167    No login script found for processing.
put u_max_time_in_gliderdos 900

  9198 92 sensor: u_max_time_in_gliderdos = 900 sec


GliderDos N -1 >run shelf_30.mi

Starting Mission: SHELF_30.MI
The instantaneous lag time between the system and gps clock is -1.0 seconds.
The average lag time between the system and gps clock is -0.4 seconds.
timestamp: Mon Jan  8 13:58:39 2018
load_mission(): Opening Mission file: SHELF_30.MI
Setting SENSOR u_use_current_correction(nodim) = 1.000000
Setting SENSOR c_science_send_all(bool) = 0.000000
Setting SENSOR c_science_all_on_enabled(bool) = 0.000000
Vehicle Name: ramses
Curr Time: Mon Jan  8 13:58:40 2018 MT:    9205
DR  Location:  3503.732 N -7543.414 E measured     86.095 secs ago
GPS TooFar:    3503.732 N -7543.414 E measured    154.511 secs ago
GPS Invalid :  3503.806 N -7543.443 E measured    1265.16 secs ago
GPS Location:  3503.732 N -7543.414 E measured     89.359 secs ago
   sensor:c_wpt_lat(lat)=3504.20190004932         8693.52 secs ago
   sensor:c_wpt_lon(lon)=-7543.69730000045        8693.56 secs ago
   sensor:m_battery(volts)=11.9989236364544         1.384 secs ago
   sensor:m_gps_lat(lat)=3503.7324                  89.67 secs ago
   sensor:m_gps_lon(lon)=-7543.4137                89.713 secs ago
   sensor:m_iridium_signal_strength(nodim)=5       53.367 secs ago
   sensor:m_leakdetect_voltage(volts)=2.5           8.989 secs ago
   sensor:m_leakdetect_voltage_forward(volts)=-1      1.675 secs ago
   sensor:m_mission_start_time(timestamp)=1515410712     1e+308 secs ago
   sensor:m_present_time(timestamp)=1515419918.17459       2.52 secs ago
   sensor:m_tot_num_inflections(nodim)=28329      9016.02 secs ago
   sensor:m_vacuum(inHg)=8.79478397435897           1.793 secs ago
   sensor:m_water_vx(m/s)=0.156231105397101        1e+308 secs ago
   sensor:m_water_vy(m/s)=0.0847489451242281       1e+308 secs ago
   sensor:u_use_current_correction(nodim)=1         1.356 secs ago
   sensor:x_last_wpt_lat(lat)=3504.20190004932    8699.98 secs ago
   sensor:x_last_wpt_lon(lon)=-7543.69730000045    8700.02 secs ago
start_alldevices()

PARSED iridium_phone_data for datum# 0: ===========
   predial initialization cmds (from c:\config\iridinit.0):
      ATE
      AT+cbst=6,0,1
      AT+CSQ
   dial string: ATD00881600005168
      from sensors:
         C_IRIDIUM_LEAD_ZEROS
         C_IRIDIUM_PHONE_NUM
   Iridium login script (from c:\config\loginexp.0):   empty or non-existent

PARSED iridium_phone_data for datum# 1: ===========
   predial initialization cmds (from c:\config\iridinit.1):
      ATE
      AT+cbst=6,0,1
      AT+CSQ
   dial string: ATD0015085482446
      from sensors:
         C_IRIDIUM_LEAD_ZEROS_ALT
         C_IRIDIUM_PHONE_NUM_ALT
   Iridium login script (from c:\config\loginexp.1):   empty or non-existent
 71.57  3 00990000.mlg LOG FILE OPENED
MissionSTARTDate: 08 Jan 2018 13:58:41 Z
Mission Name:   SHELF_30.MI
Mission Number: ramses-2018-007-3-0 (0099.0000)
log_c_stack():
  1-abend           2-surface         3-surface         4-surface         5-surface         
  6-surface         7-surface         8-goto_list       9-yo              10-sample          
  11-sample          12-sample          13-prepare_to_dive 14-sensors_in      
report_heap_size(): M_FREE_HEAP=232.0K,  M_SPARE_HEAP=213.0K
pre_mission_init():End of Initialization
 81.17  4 behavior sensors_in_14: STATE UnInited -> Active
 81.23    behavior sensors_in_14: argument: c_att_time = -1.000000 sec
 81.29    behavior sensors_in_14: argument: c_pressure_time = -1.000000 sec
 81.36    behavior sensors_in_14: argument: c_alt_time = -1.000000 sec
 81.42    behavior sensors_in_14: argument: u_battery_time = -1.000000 sec
 81.49    behavior sensors_in_14: argument: u_vacuum_time = -1.000000 sec
 81.55    behavior sensors_in_14: argument: c_leakdetect_time = -1.000000 sec
 81.62    behavior sensors_in_14: argument: c_gps_on = 0.000000 bool
 81.68    behavior sensors_in_14: argument: c_science_all_on = -1.000000 sec
 81.74    behavior sensors_in_14: argument: c_profile_on = -1.000000 sec
 81.81    behavior sensors_in_14: argument: c_hs2_on = -1.000000 sec
 81.88    behavior sensors_in_14: argument: c_bb2f_on = -1.000000 sec
 81.94    behavior sensors_in_14: argument: c_bb2c_on = -1.000000 sec
 82.00    behavior sensors_in_14: argument: c_bb2lss_on = -1.000000 sec
 82.07    behavior sensors_in_14: argument: c_sam_on = -1.000000 sec
 82.13    behavior sensors_in_14: argument: c_whpar_on = -1.000000 sec
 82.20    behavior sensors_in_14: argument: c_whgpbm_on = -1.000000 sec
 82.26    behavior sensors_in_14: argument: c_motebb_on = -1.000000 sec
 82.33    behavior sensors_in_14: argument: c_bbfl2s_on = -1.000000 sec
 82.39    behavior sensors_in_14: argument: c_fl3slo_on = -1.000000 sec
 82.46    behavior sensors_in_14: argument: c_bb3slo_on = -1.000000 sec
 82.53    behavior sensors_in_14: argument: c_oxy3835_on = -1.000000 sec
 82.59    behavior sensors_in_14: argument: c_whfctd_on = -1.000000 sec
 82.66    behavior sensors_in_14: argument: c_bam_on = -1.000000 sec
 82.74    behavior sensors_in_14: argument: c_ocr504R_on = -1.000000 sec
 82.80    behavior sensors_in_14: argument: c_ocr504I_on = -1.000000 sec
 82.86    behavior sensors_in_14: argument: c_flntu_on = -1.000000 sec
 82.93    behavior sensors_in_14: argument: c_fl3slov2_on = -1.000000 sec
 83.00    behavior sensors_in_14: argument: c_bb3slov2_on = -1.000000 sec
 83.06    behavior sensors_in_14: argument: c_ocr507R_on = -1.000000 sec
 83.12    behavior sensors_in_14: argument: c_ocr507I_on = -1.000000 sec
 83.19    behavior sensors_in_14: argument: c_bb3slov3_on = -1.000000 sec
 83.26    behavior sensors_in_14: argument: c_bb2fls_on = -1.000000 sec
 83.32    behavior sensors_in_14: argument: c_bb2flsV2_on = -1.000000 sec
 83.39    behavior sensors_in_14: argument: c_oxy3835_wphase_on = -1.000000 sec
 83.45    behavior sensors_in_14: argument: c_auvb_on = -1.000000 sec
 83.52    behavior sensors_in_14: argument: c_bb2fV2_on = -1.000000 sec
 83.58    behavior sensors_in_14: argument: c_tarr_on = -1.000000 sec
 83.65    behavior sensors_in_14: argument: c_bbfl2sV2_on = -1.000000 sec
 83.71    behavior sensors_in_14: argument: c_glbps_on = -1.000000 sec
 83.78    behavior sensors_in_14: argument: c_sscsd_on = -1.000000 sec
 83.84    behavior sensors_in_14: argument: c_bb2flsV3_on = -1.000000 sec
 83.91    behavior sensors_in_14: argument: c_fire_on = -1.000000 sec
 83.97    behavior sensors_in_14: argument: c_ohf_on = -1.000000 sec
 84.04    behavior sensors_in_14: argument: c_bb2flsV4_on = -1.000000 sec
 84.10    behavior sensors_in_14: argument: c_bb2flsV5_on = -1.000000 sec
 84.17    behavior sensors_in_14: argument: c_logger_on = -1.000000 sec
 84.23    behavior sensors_in_14: argument: c_bbam_on = -1.000000 sec
 84.30    behavior sensors_in_14: argument: c_uModem_on = -1.000000 sec
 84.36    behavior sensors_in_14: argument: c_rinkoII_on = -1.000000 sec
 84.43    behavior sensors_in_14: argument: c_dvl_on = -1.000000 sec
 84.49    behavior sensors_in_14: argument: c_bb2flsV6_on = -1.000000 sec
 84.56    behavior sensors_in_14: argument: c_flbbrh_on = -1.000000 sec
 84.62    behavior sensors_in_14: argument: c_flur_on = -1.000000 sec
 84.69    behavior sensors_in_14: argument: c_bb2flsV7_on = -1.000000 sec
 84.75    behavior sensors_in_14: argument: c_flbbcd_on = -1.000000 sec
 84.82    behavior sensors_in_14: argument: c_dmon_on = -1.000000 sec
 84.88    behavior sensors_in_14: argument: c_c3sfl_on = -1.000000 sec
 84.95    behavior sensors_in_14: argument: c_suna_on = -1.000000 sec
 85.01    behavior sensors_in_14: argument: c_satpar_on = -1.000000 sec
 85.08    behavior sensors_in_14: argument: c_vsf_on = -1.000000 sec
 85.14    behavior sensors_in_14: argument: c_oxy4_on = -1.000000 sec
 85.20    behavior sensors_in_14: argument: c_gamma_rad5_on = -1.000000 sec
 85.27    behavior sensors_in_14: argument: c_bsipar_on = -1.000000 sec
 85.34    behavior sensors_in_14: argument: c_flbb_on = -1.000000 sec
 85.40    behavior sensors_in_14: argument: c_vr2c_on = -1.000000 sec
 85.46    behavior sensors_in_14: argument: c_ctd41cp2_on = -1.000000 sec
 85.57    behavior prepare_to_dive_13: STATE UnInited -> Waiting for Activation
 85.64    behavior prepare_to_dive_13: argument: args_from_file = -1.000000 enum
 85.70    behavior prepare_to_dive_13: argument: start_when = 0.000000 enum
 85.76    behavior prepare_to_dive_13: argument: wait_time = 720.000000 sec
 85.83    behavior prepare_to_dive_13: argument: max_thermal_charge_time = 120.000000 sec
 85.90    behavior prepare_to_dive_13: argument: max_pumping_charge_time = 1000.000000 sec
 85.98    behavior prepare_to_dive_13: STATE Waiting for Activation -> Active
 86.04    init_gps_input()
 86.07    behavior prepare_to_dive_13: SUBSTATE 0 UnInited->1 : Waiting for initial GPS fix
 86.15    behavior sample_12: sample(): reading bargs
 86.20    behavior sample_12: Reading b_args from sample30.ma
 86.30    behavior sample_12: sensor_type(enum)=48.000000
 87.04    behavior sample_12: state_to_sample(enum)=7.000000
 87.30    behavior sample_12: sample_time_after_state_change(s)=0.000000
 87.38    behavior sample_12: intersamp