Connection Event: Carrier Detect found.919027    Iridium console active and ready...
Vehicle Name: ramses
Curr Time: Mon Jan  8 07:35:55 2018 MT:  919038
DR  Location:  3504.371 N -7544.581 E measured    2340.91 secs ago
GPS TooFar:    3505.625 N -7540.490 E measured     337329 secs ago
GPS Invalid :  3504.382 N -7544.620 E measured    2439.83 secs ago
GPS Location:  3504.371 N -7544.581 E measured    2343.31 secs ago
   sensor:c_wpt_lat(lat)=3505.653                 6385.53 secs ago
   sensor:c_wpt_lon(lon)=-7541.742                 6385.6 secs ago
   sensor:m_battery(volts)=12.138221804758         24.833 secs ago
   sensor:m_gps_lat(lat)=3504.3708                2343.76 secs ago
   sensor:m_gps_lon(lon)=-7544.5805               2343.83 secs ago
   sensor:m_iridium_signal_strength(nodim)=1       20.189 secs ago
   sensor:m_leakdetect_voltage(volts)=2.49969474969475     29.622 secs ago
   sensor:m_leakdetect_voltage_forward(volts)=-1      5.721 secs ago
   sensor:m_mission_start_time(timestamp)=1514477928     1e+308 secs ago
   sensor:m_present_time(timestamp)=1515396954.32816      1.804 secs ago
   sensor:m_tot_num_inflections(nodim)=28301      2633.06 secs ago
   sensor:m_vacuum(inHg)=8.73446492673993          29.999 secs ago
   sensor:m_water_vx(m/s)=0.100895165922199       2351.89 secs ago
   sensor:m_water_vy(m/s)=0.0746754355657919      2351.94 secs ago
   sensor:u_use_current_correction(nodim)=1        1e+308 secs ago
   sensor:x_last_wpt_lat(lat)=3504.297            6386.64 secs ago
   sensor:x_last_wpt_lon(lon)=-7544.832           6386.71 secs ago
ABORT HISTORY: total since reset: 3
ABORT HISTORY: last abort cause: MS_ABORT_WPT_TOOFAR
ABORT HISTORY: last abort details: 
ABORT HISTORY: last abort time: 2017-12-28T16:16:53
ABORT HISTORY: last abort segment: ramses-2017-356-0-91 (0094.0091)
ABORT HISTORY: last abort mission: SHELF_30.MI
919028    No login script found for processing.
919028    DRIVER_ODDITY:iridium:1573:xxx_ctrl() ran too long




Glider ramses at surface.
Because:timeout expired [behavior surface_7 start_when = 9.0]
MissionName:SHELF_30.MI MissionNum:ramses-2017-361-0-175 (0095.0175)
Vehicle Name: ramses
Curr Time: Mon Jan  8 07:36:28 2018 MT:  919073
DR  Location:  3504.371 N -7544.581 E measured    2374.56 secs ago
GPS TooFar:    3505.625 N -7540.490 E measured     337363 secs ago
GPS Invalid :  3504.382 N -7544.620 E measured    2473.48 secs ago
GPS Location:  3504.371 N -7544.581 E measured    2376.96 secs ago
   sensor:c_wpt_lat(lat)=3505.653                 6419.13 secs ago
   sensor:c_wpt_lon(lon)=-7541.742                6419.18 secs ago
   sensor:m_battery(volts)=12.138221804758         58.389 secs ago
   sensor:m_gps_lat(lat)=3504.3708                2377.28 secs ago
   sensor:m_gps_lon(lon)=-7544.5805               2377.32 secs ago
   sensor:m_iridium_signal_strength(nodim)=1       53.669 secs ago
   sensor:m_leakdetect_voltage(volts)=2.49969474969475     63.094 secs ago
   sensor:m_leakdetect_voltage_forward(volts)=-1      4.668 secs ago
   sensor:m_mission_start_time(timestamp)=1514477928     1e+308 secs ago
   sensor:m_present_time(timestamp)=1515396988.80167      0.778 secs ago
   sensor:m_tot_num_inflections(nodim)=28301       2666.5 secs ago
   sensor:m_vacuum(inHg)=8.73446492673993          63.413 secs ago
   sensor:m_water_vx(m/s)=0.100895165922199       2385.29 secs ago
   sensor:m_water_vy(m/s)=0.0746754355657919      2385.33 secs ago
   sensor:u_use_current_correction(nodim)=1        1e+308 secs ago
   sensor:x_last_wpt_lat(lat)=3504.297            6419.99 secs ago
   sensor:x_last_wpt_lon(lon)=-7544.832           6420.04 secs ago
devices:(t/m/s) errs:   0/   0/   0 warn:  24/  16/   8 odd:7602/1201/  91
ABORT HISTORY: total since reset: 3
ABORT HISTORY: last abort cause: MS_ABORT_WPT_TOOFAR
ABORT HISTORY: last abort details: 
ABORT HISTORY: last abort time: 2017-12-28T16:16:53
ABORT HISTORY: last abort segment: ramses-2017-356-0-91 (0094.0091)
ABORT HISTORY: last abort mission: SHELF_30.MI

   Hit Control-R to RESUME the mission, i.e. dive!
   Hit Control-C to END    the mission, i.e. GliderDos
   Hit Control-E to extend surface time by 5 minutes.
   Hit Control-W to get device warning reports.
   Hit Control-F to re-read yo, goto_l, surface, sample, drift_ mafiles.
   Hit H <n> <0:1> to Hangup and call back in <n> minutes at 0-primary 1-alternate number.
   Hit S [-f={rf}|{irid] [-num=<n>] [-t=<s>] [filespec ...] to send log files
   Hit ! <GliderDos cmd>  to execute <GliderDos cmd>
   Hit Control-T to consci to science computer when comms ready:
                                               ... communications ready for consci.

Water Velocity Calculations COMPLETE
Waypoint: (3505.6530,-7541.7420) Range: 4921m, Bearing: 74deg, Age: 1:47h:m
Time until diving is: 110 secs
^R919078 75 behavior surface_7: User typed Control-R, resuming


   I heard a Control-R
   RESUMING MISSION

Megabytes used      on CF file system = 740.093750
Megabytes available on CF file system = 1260.843750
919083    00950175.mlg LOG FILE CLOSED
Doing system wide housekeeping.......
report_heap_size(): M_FREE_HEAP=258.0K,  M_SPARE_HEAP=239.0K
Running algorithm to free disk space if required
Not necessary to delete any files at this time
Writing longterm state disk file: c:/state/longterm.sta
   c_iridium_phone_num(digits) 881600005168.000000
   f_ocean_pressure_min(volts) 0.212827
   m_avg_climb_rate(m/s) -0.156024
   m_avg_speed(m/s) 0.207309
   m_avg_upward_inflection_time(sec) 82.000000
   m_battery(volts) 12.129000
   m_coulomb_amphr_total(amp-hrs) 0.000000
   m_iridium_call_num(nodim) 879.000000
   m_iridium_dialed_num(nodim) 1882.000000
   m_lat(lat) 3504.370800
   m_lon(lon) -7544.580500
   m_tot_ballast_pumped_energy(kjoules) 1479.010431
   m_tot_horz_dist(km) 1116.472339
   m_tot_num_inflections(nodim) 28301.000000
   s_water_depth_avg(m) 200.000000
   s_water_depth_delta(m) 0.000000
   s_water_depth_wavelength(m) 100.000000
   x_hover_ballast_deep(cc) 0.000000
   x_hover_ballast_shallow(cc) 0.000000
   x_hover_depth_deep(m) 0.000000
   x_hover_depth_shallow(m) 0.000000
   x_last_wpt_lat(lat) 3504.297000
   x_last_wpt_lon(lon) -7544.832000
The instantaneous lag time between the system and gps clock is -2.0 seconds.
The average lag time between the system and gps clock is -0.8 seconds.
Housekeeping is done
:OSL:buoyancy_pump:OUTSIDE SAFETY LIMIT:OSL: M_su:250.9401 C_su:233.0000
:OSL:   limits:243.0000 -243.0000 over:7.9401
919095 76 DRIVER_ODDITY:buoyancy_pump:310:motor_compute_limits() warning
919098 77 DRIVER_ODDITY:buoyancy_pump:0:motor out of deadband
:OOD:buoyancy_pump:OUT OF DEADBAND: M_su:250.9401 C_su:233.0000
:OOD:   delta:17.9401 limit:10.0000 over:7.9401
919161 78 00950176.mlg LOG FILE OPENED
Megabytes used      on CF file system = 740.250000
Megabytes available on CF file system = 1260.687500
919165    init_gps_input()
919165    behavior surface_7: SUBSTATE 7 ->9 : Waiting for final gps fix
surface_7: Waiting for final GPS fix.
919171    disabling Iridium cons