Connection Event: Carrier Detect found. 33143    Iridium console active and ready...
Vehicle Name: ramses
Curr Time: Wed Jan 10 02:42:15 2018 MT:   33142
DR  Location:  3501.272 N -7533.170 E measured     44.044 secs ago
GPS TooFar:    3501.275 N -7533.185 E measured    183.342 secs ago
GPS Invalid :  3501.332 N -7533.304 E measured    1812.67 secs ago
GPS Location:  3501.272 N -7533.170 E measured     48.094 secs ago
   sensor:c_wpt_lat(lat)=3501.15050004916         32825.1 secs ago
   sensor:c_wpt_lon(lon)=-7536.52020000037        32825.2 secs ago
   sensor:m_battery(volts)=12.0121164653987         4.377 secs ago
   sensor:m_gps_lat(lat)=3501.2717                 48.406 secs ago
   sensor:m_gps_lon(lon)=-7533.1704                48.448 secs ago
   sensor:m_iridium_signal_strength(nodim)=5        16.75 secs ago
   sensor:m_leakdetect_voltage(volts)=2.5          43.586 secs ago
   sensor:m_leakdetect_voltage_forward(volts)=-1      4.675 secs ago
   sensor:m_mission_start_time(timestamp)=1515518992     1e+308 secs ago
   sensor:m_present_time(timestamp)=1515552134.31177      1.403 secs ago
   sensor:m_tot_num_inflections(nodim)=28352      33030.7 secs ago
   sensor:m_vacuum(inHg)=8.10072826617826           4.784 secs ago
   sensor:m_water_vx(m/s)=0                        1e+308 secs ago
   sensor:m_water_vy(m/s)=0                        1e+308 secs ago
   sensor:u_use_current_correction(nodim)=0        1e+308 secs ago
   sensor:x_last_wpt_lat(lat)=3501.15050004916    32834.9 secs ago
   sensor:x_last_wpt_lon(lon)=-7536.52020000037    32834.9 secs ago
ABORT HISTORY: total since reset: 2
ABORT HISTORY: last abort cause: MS_ABORT_DEVICE_ERROR
ABORT HISTORY: last abort details: The buoyancy_pump device driver returned an error.
ABORT HISTORY: last abort time: 2018-01-09T17:07:13
ABORT HISTORY: last abort segment: ramses-2018-008-3-0 (0108.0000)
ABORT HISTORY: last abort mission: INI0.MI
 33144    No login script found for processing.
callback 30

I am going to hangup the Iridium!
I will call you back in 30 minutes
at the primary number ( 881600005168 )


GliderDos N -1 > 33162 56 disabling Iridium conso