Connection Event: Carrier Detect found.385377    Iridium console active and ready...
Vehicle Name: ramses
Curr Time: Sun May 20 04:03:53 2018 MT:  385376
DR  Location:  3544.364 N -7457.544 E measured     38.899 secs ago
GPS TooFar:    3551.566 N -7517.494 E measured     344880 secs ago
GPS Invalid :  3544.293 N -7457.151 E measured    146.996 secs ago
GPS Location:  3544.364 N -7457.544 E measured     41.296 secs ago
   sensor:c_wpt_lat(lat)=3542.11315               9098.79 secs ago
   sensor:c_wpt_lon(lon)=-7457.7302               9098.87 secs ago
   sensor:m_battery(volts)=13.7015192183378        56.393 secs ago
   sensor:m_gps_lat(lat)=3544.3643                 41.721 secs ago
   sensor:m_gps_lon(lon)=-7457.5445                41.795 secs ago
   sensor:m_iridium_signal_strength(nodim)=5       10.684 secs ago
   sensor:m_leakdetect_voltage(volts)=2.4996336996337      5.647 secs ago
   sensor:m_leakdetect_voltage_forward(volts)=-1       5.69 secs ago
   sensor:m_mission_start_time(timestamp)=1526403656     1e+308 secs ago
   sensor:m_present_time(timestamp)=1526789032.5672      1.772 secs ago
   sensor:m_tot_num_inflections(nodim)=29410      290.052 secs ago
   sensor:m_vacuum(inHg)=8.37719056776557          41.284 secs ago
   sensor:m_water_vx(m/s)=-0.062979621581173       50.239 secs ago
   sensor:m_water_vy(m/s)=-0.114813737584492       50.288 secs ago
   sensor:u_use_current_correction(nodim)=1        1e+308 secs ago
   sensor:x_last_wpt_lat(lat)=3549.28018          89689.6 secs ago
   sensor:x_last_wpt_lon(lon)=-7457.58741         89689.7 secs ago
385378    No login script found for processing.




Glider ramses at surface.
Because:specified UTC time [behavior surface_6 start_when = 13.0]
MissionName:SHELF_30.MI MissionNum:ramses-2018-134-6-74 (0118.0074)
Vehicle Name: ramses
Curr Time: Sun May 20 04:04:14 2018 MT:  385398
DR  Location:  3544.364 N -7457.544 E measured     59.599 secs ago
GPS TooFar:    3551.566 N -7517.494 E measured     344900 secs ago
GPS Invalid :  3544.293 N -7457.151 E measured    167.694 secs ago
GPS Location:  3544.364 N -7457.544 E measured     61.996 secs ago
   sensor:c_wpt_lat(lat)=3542.11315               9119.46 secs ago
   sensor:c_wpt_lon(lon)=-7457.7302               9119.51 secs ago
   sensor:m_battery(volts)=13.6940671744039        15.715 secs ago
   sensor:m_gps_lat(lat)=3544.3643                 62.317 secs ago
   sensor:m_gps_lon(lon)=-7457.5445                62.359 secs ago
   sensor:m_iridium_signal_strength(nodim)=5       31.237 secs ago
   sensor:m_leakdetect_voltage(volts)=2.4996336996337     26.191 secs ago
   sensor:m_leakdetect_voltage_forward(volts)=-1      3.179 secs ago
   sensor:m_mission_start_time(timestamp)=1526403656     1e+308 secs ago
   sensor:m_present_time(timestamp)=1526789054.07703      0.775 secs ago
   sensor:m_tot_num_inflections(nodim)=29410      310.554 secs ago
   sensor:m_vacuum(inHg)=8.37719056776557          61.767 secs ago
   sensor:m_water_vx(m/s)=-0.062979621581173        70.71 secs ago
   sensor:m_water_vy(m/s)=-0.114813737584492       70.749 secs ago
   sensor:u_use_current_correction(nodim)=1        1e+308 secs ago
   sensor:x_last_wpt_lat(lat)=3549.28018          89710.1 secs ago
   sensor:x_last_wpt_lon(lon)=-7457.58741         89710.1 secs ago
devices:(t/m/s) errs:   0/   0/   0 warn:   3/   2/   0 odd:1146/1053/   2
ABORT HISTORY: total since reset: 0

   Hit Control-R to RESUME the mission, i.e. dive!
   Hit Control-C to END    the mission, i.e. GliderDos
   Hit Control-E to extend surface time by 5 minutes.
   Hit Control-W to get device warning reports.
   Hit Control-F to re-read yo, goto_l, surface, sample, drift_ mafiles.
   Hit H <n> <0:1> to Hangup and call back in <n> minutes at 0-primary 1-alternate number.
   Hit S [-f={rf}|{irid] [-num=<n>] [-t=<s>] [filespec ...] to send log files
   Hit ! <GliderDos cmd>  to execute <GliderDos cmd>
   Hit Control-T to consci to science computer when comms ready:
                                               ... communications ready for consci.

Water Velocity Calculations COMPLETE
Waypoint: (3542.1132,-7457.7302) Range: 4171m, Bearing: 196deg, Age: 2:32h:m
Time until diving is: 231 secs
:OSL:buoyancy_pump:OUTSIDE SAFETY LIMIT:OSL: M_su:256.0469 C_su:233.0000
:OSL:   limits:243.0000 -243.0000 over:13.0469
385409 12 DRIVER_ODDITY:buoyancy_pump:310:motor_compute_limits() warning
s *.sbd *.tbd

--------------------------------
385414 13 01180074.mlg LOG FILE CLOSED
385415 14 DRIVER_ODDITY:buoyancy_pump:0:motor out of deadband
:OOD:buoyancy_pump:OUT OF DEADBAND: M_su:25