Connection Event: Carrier Detect found. 40684    Iridium console active and ready...
Vehicle Name: ramses
Curr Time: Wed Jan 10 04:47:56 2018 MT:   40683
DR  Location:  3501.288 N -7532.250 E measured     49.486 secs ago
GPS TooFar:    3501.289 N -7532.312 E measured    515.397 secs ago
GPS Invalid :  3501.274 N -7532.485 E measured    1825.24 secs ago
GPS Location:  3501.288 N -7532.250 E measured     53.541 secs ago
   sensor:c_wpt_lat(lat)=3501.15050004916         40366.9 secs ago
   sensor:c_wpt_lon(lon)=-7536.52020000037        40366.9 secs ago
   sensor:m_battery(volts)=11.9998049257722         4.301 secs ago
   sensor:m_gps_lat(lat)=3501.2876                 53.853 secs ago
   sensor:m_gps_lon(lon)=-7532.2498                53.897 secs ago
   sensor:m_iridium_signal_strength(nodim)=5       20.786 secs ago
   sensor:m_leakdetect_voltage(volts)=2.5          32.794 secs ago
   sensor:m_leakdetect_voltage_forward(volts)=-1      4.597 secs ago
   sensor:m_mission_start_time(timestamp)=1515518992     1e+308 secs ago
   sensor:m_present_time(timestamp)=1515559676.07211      1.374 secs ago
   sensor:m_tot_num_inflections(nodim)=28352      40572.4 secs ago
   sensor:m_vacuum(inHg)=8.21749975579975            4.71 secs ago
   sensor:m_water_vx(m/s)=0                        1e+308 secs ago
   sensor:m_water_vy(m/s)=0                        1e+308 secs ago
   sensor:u_use_current_correction(nodim)=0        1e+308 secs ago
   sensor:x_last_wpt_lat(lat)=3501.15050004916    40376.6 secs ago
   sensor:x_last_wpt_lon(lon)=-7536.52020000037    40376.7 secs ago
ABORT HISTORY: total since reset: 2
ABORT HISTORY: last abort cause: MS_ABORT_DEVICE_ERROR
ABORT HISTORY: last abort details: The buoyancy_pump device driver returned an error.
ABORT HISTORY: last abort time: 2018-01-09T17:07:13
ABORT HISTORY: last abort segment: ramses-2018-008-3-0 (0108.0000)
ABORT HISTORY: last abort mission: INI0.MI
 40685    No login script found for processing.
callback 30

I am going to hangup the Iridium!
I will call you back in 30 minutes
at the primary number ( 881600005168 )


GliderDos N -1 > 40703 34 disabl