Connection Event: Carrier Detect found. 64948    Iridium console active and ready...
Vehicle Name: ramses
Curr Time: Wed Jan 10 11:32:20 2018 MT:   64947
DR  Location:  3502.494 N -7526.741 E measured     40.479 secs ago
GPS TooFar:    3501.499 N -7531.577 E measured      20443 secs ago
GPS Invalid :  3502.415 N -7527.304 E measured    1809.17 secs ago
GPS Location:  3502.494 N -7526.741 E measured     43.522 secs ago
   sensor:c_wpt_lat(lat)=3501.15050004916         64630.2 secs ago
   sensor:c_wpt_lon(lon)=-7536.52020000037        64630.2 secs ago
   sensor:m_battery(volts)=12.0201098530692          4.31 secs ago
   sensor:m_gps_lat(lat)=3502.4938                 43.834 secs ago
   sensor:m_gps_lon(lon)=-7526.7414                43.876 secs ago
   sensor:m_iridium_signal_strength(nodim)=5        8.574 secs ago
   sensor:m_leakdetect_voltage(volts)=2.5          31.881 secs ago
   sensor:m_leakdetect_voltage_forward(volts)=-1      4.604 secs ago
   sensor:m_mission_start_time(timestamp)=1515518992     1e+308 secs ago
   sensor:m_present_time(timestamp)=1515583939.40832       1.38 secs ago
   sensor:m_tot_num_inflections(nodim)=28352      64835.7 secs ago
   sensor:m_vacuum(inHg)=7.75737368742369           4.717 secs ago
   sensor:m_water_vx(m/s)=0                        1e+308 secs ago
   sensor:m_water_vy(m/s)=0                        1e+308 secs ago
   sensor:u_use_current_correction(nodim)=0        1e+308 secs ago
   sensor:x_last_wpt_lat(lat)=3501.15050004916      64640 secs ago
   sensor:x_last_wpt_lon(lon)=-7536.52020000037      64640 secs ago
ABORT HISTORY: total since reset: 2
ABORT HISTORY: last abort cause: MS_ABORT_DEVICE_ERROR
ABORT HISTORY: last abort details: The buoyancy_pump device driver returned an error.
ABORT HISTORY: last abort time: 2018-01-09T17:07:13
ABORT HISTORY: last abort segment: ramses-2018-008-3-0 (0108.0000)
ABORT HISTORY: last abort mission: INI0.MI
 64949    No login script found for processing.
callback 30

I am going to hangup the Iridium!
I will call you back in 30 minutes
at the primary number ( 881600005168 )


GliderDos N -1 > 64970 46 disabling I