Connection Event: Carrier Detect found.  3115    Iridium console active and ready...
Vehicle Name: ramses
Curr Time: Mon Jan  8 15:28:04 2018 MT:    3114
DR  Location:  3503.634 N -7543.324 E measured     45.454 secs ago
GPS TooFar:    3503.732 N -7543.414 E measured     1e+308 secs ago
GPS Invalid :  3503.680 N -7543.361 E measured    1822.04 secs ago
GPS Location:  3503.634 N -7543.324 E measured     47.469 secs ago
   sensor:c_wpt_lat(lat)=3503.68300004929         2776.01 secs ago
   sensor:c_wpt_lon(lon)=-7543.36260000044        2776.05 secs ago
   sensor:m_battery(volts)=12.0485889785629         4.339 secs ago
   sensor:m_gps_lat(lat)=3503.6341                 47.779 secs ago
   sensor:m_gps_lon(lon)=-7543.3237                47.824 secs ago
   sensor:m_iridium_signal_strength(nodim)=5       12.688 secs ago
   sensor:m_leakdetect_voltage(volts)=2.5            8.46 secs ago
   sensor:m_leakdetect_voltage_forward(volts)=-1      4.634 secs ago
   sensor:m_mission_start_time(timestamp)=1515422169     1e+308 secs ago
   sensor:m_present_time(timestamp)=1515425283.86398      1.377 secs ago
   sensor:m_tot_num_inflections(nodim)=28332      2900.68 secs ago
   sensor:m_vacuum(inHg)=8.67878580586081           4.748 secs ago
   sensor:m_water_vx(m/s)=0.156231105397101        1e+308 secs ago
   sensor:m_water_vy(m/s)=0.0847489451242281       1e+308 secs ago
   sensor:u_use_current_correction(nodim)=1        1e+308 secs ago
   sensor:x_last_wpt_lat(lat)=3503.68300004929    2782.44 secs ago
   sensor:x_last_wpt_lon(lon)=-7543.36260000044    2782.47 secs ago
ABORT HISTORY: total since reset: 7
ABORT HISTORY: last abort cause: MS_ABORT_DEVICE_ERROR
ABORT HISTORY: last abort details: The deadman device driver returned an error.
ABORT HISTORY: last abort time: 2018-01-08T14:09:16
ABORT HISTORY: last abort segment: ramses-2018-007-3-0 (0099.0000)
ABORT HISTORY: last abort mission: SHELF_30.MI
  3116    No login script found for processing.
callback 20

I am going to hangup the Iridium!
I will call you back in 20 minutes
at the primary number ( 881600005168 )


GliderDos N -1 >  3134 96 disabling Iridium conso