Connection Event: Carrier Detect found.  4546    Iridium console active and ready...
Vehicle Name: ramses
Curr Time: Mon Jan  8 12:40:58 2018 MT:    4544
DR  Location:  3504.003 N -7543.531 E measured    106.246 secs ago
GPS TooFar:    3505.625 N -7540.490 E measured     1e+308 secs ago
GPS Invalid :  3504.010 N -7543.534 E measured    375.268 secs ago
GPS Location:  3504.003 N -7543.531 E measured     109.45 secs ago
   sensor:c_wpt_lat(lat)=3504.20190004932         4031.54 secs ago
   sensor:c_wpt_lon(lon)=-7543.69730000045        4031.58 secs ago
   sensor:m_battery(volts)=12.0580598095294          4.29 secs ago
   sensor:m_gps_lat(lat)=3504.0032                109.762 secs ago
   sensor:m_gps_lon(lon)=-7543.5307               109.804 secs ago
   sensor:m_iridium_signal_strength(nodim)=5        12.64 secs ago
   sensor:m_leakdetect_voltage(volts)=2.5          61.189 secs ago
   sensor:m_leakdetect_voltage_forward(volts)=-1      4.586 secs ago
   sensor:m_mission_start_time(timestamp)=1515410712     1e+308 secs ago
   sensor:m_present_time(timestamp)=1515415257.34747      1.366 secs ago
   sensor:m_tot_num_inflections(nodim)=28329      4354.03 secs ago
   sensor:m_vacuum(inHg)=8.62967991452991             4.7 secs ago
   sensor:m_water_vx(m/s)=0.156231105397101        1e+308 secs ago
   sensor:m_water_vy(m/s)=0.0847489451242281       1e+308 secs ago
   sensor:u_use_current_correction(nodim)=1        1e+308 secs ago
   sensor:x_last_wpt_lat(lat)=3504.20190004932       4038 secs ago
   sensor:x_last_wpt_lon(lon)=-7543.69730000045    4038.04 secs ago
ABORT HISTORY: total since reset: 6
ABORT HISTORY: last abort cause: MS_ABORT_DEVICE_ERROR
ABORT HISTORY: last abort details: The deadman device driver returned an error.
ABORT HISTORY: last abort time: 2018-01-08T10:59:22
ABORT HISTORY: last abort segment: ramses-2018-007-1-2 (0097.0002)
ABORT HISTORY: last abort mission: lastgasp.mi
  4547    No login script found for processing.
ver

Vehicle Name: ramses
Glider: Version 7.10  open ocean
Science: 3.14
CF1 SN  52441
PicoDOS 2.26
BIOS    2.26
PBM     2.27
PIC     1.44

GliderDos N -1 >callback 5

I am going to hangup the Iridium!
I will call you back in 5 minutes
at the primary number ( 881600005168 )


GliderDos N -1 >  4697 30 disabling Iridium cons