Connection Event: Carrier Detect found. 13385    Iridium console active and ready...
Vehicle Name: ramses
Curr Time: Tue Jan  9 00:01:50 2018 MT:   13384
DR  Location:  3502.288 N -7543.179 E measured     49.461 secs ago
GPS TooFar:    3503.732 N -7543.414 E measured     1e+308 secs ago
GPS Invalid :  3502.292 N -7543.178 E measured    1227.93 secs ago
GPS Location:  3502.288 N -7543.179 E measured     52.674 secs ago
   sensor:c_wpt_lat(lat)=3502.79070004924         12979.1 secs ago
   sensor:c_wpt_lon(lon)=-7542.59260000044        12979.1 secs ago
   sensor:m_battery(volts)=12.0376294789914         4.297 secs ago
   sensor:m_gps_lat(lat)=3502.2882                 52.986 secs ago
   sensor:m_gps_lon(lon)=-7543.1789                53.024 secs ago
   sensor:m_iridium_signal_strength(nodim)=5       16.673 secs ago
   sensor:m_leakdetect_voltage(volts)=2.5          48.968 secs ago
   sensor:m_leakdetect_voltage_forward(volts)=-1      4.593 secs ago
   sensor:m_mission_start_time(timestamp)=1515442725     1e+308 secs ago
   sensor:m_present_time(timestamp)=1515456109.26541      1.373 secs ago
   sensor:m_tot_num_inflections(nodim)=28346      13164.1 secs ago
   sensor:m_vacuum(inHg)=8.53262811355311           4.706 secs ago
   sensor:m_water_vx(m/s)=0.0853980204287164      13180.9 secs ago
   sensor:m_water_vy(m/s)=0.035082753444286         13181 secs ago
   sensor:u_use_current_correction(nodim)=1        1e+308 secs ago
   sensor:x_last_wpt_lat(lat)=3502.79070004924    12987.4 secs ago
   sensor:x_last_wpt_lon(lon)=-7542.59260000044    12987.5 secs ago
ABORT HISTORY: total since reset: 10
ABORT HISTORY: last abort cause: MS_ABORT_DEVICE_ERROR
ABORT HISTORY: last abort details: The deadman device driver returned an error.
ABORT HISTORY: last abort time: 2018-01-08T19:55:25
ABORT HISTORY: last abort segment: ramses-2018-007-7-0 (0103.0000)
ABORT HISTORY: last abort mission: SHELF_30.MI
 13386    No login script found for processing.
callback 20

I am going to hangup the Iridium!
I will call you back in 20 minutes
at the primary number ( 881600005168 )


GliderDos N -1 > 13402 98 disabling Iridium console...
