Connection Event: Carrier Detect found. 46290    Iridium console active and ready...
Vehicle Name: ramses
Curr Time: Wed Jan 10 06:21:22 2018 MT:   46289
DR  Location:  3501.629 N -7531.187 E measured     57.564 secs ago
GPS TooFar:    3501.499 N -7531.577 E measured    1785.44 secs ago
GPS Invalid :  3501.489 N -7531.604 E measured    1820.23 secs ago
GPS Location:  3501.629 N -7531.186 E measured      60.78 secs ago
   sensor:c_wpt_lat(lat)=3501.15050004916         45972.7 secs ago
   sensor:c_wpt_lon(lon)=-7536.52020000037        45972.7 secs ago
   sensor:m_battery(volts)=11.9829774903537         4.291 secs ago
   sensor:m_gps_lat(lat)=3501.6294                 61.091 secs ago
   sensor:m_gps_lon(lon)=-7531.1865                61.134 secs ago
   sensor:m_iridium_signal_strength(nodim)=5        24.81 secs ago
   sensor:m_leakdetect_voltage(volts)=2.5          53.036 secs ago
   sensor:m_leakdetect_voltage_forward(volts)=-1      4.587 secs ago
   sensor:m_mission_start_time(timestamp)=1515518992     1e+308 secs ago
   sensor:m_present_time(timestamp)=1515565281.89639       1.37 secs ago
   sensor:m_tot_num_inflections(nodim)=28352      46178.2 secs ago
   sensor:m_vacuum(inHg)=7.94335741758241           4.701 secs ago
   sensor:m_water_vx(m/s)=0                        1e+308 secs ago
   sensor:m_water_vy(m/s)=0                        1e+308 secs ago
   sensor:u_use_current_correction(nodim)=0        1e+308 secs ago
   sensor:x_last_wpt_lat(lat)=3501.15050004916    45982.5 secs ago
   sensor:x_last_wpt_lon(lon)=-7536.52020000037    45982.5 secs ago
ABORT HISTORY: total since reset: 2
ABORT HISTORY: last abort cause: MS_ABORT_DEVICE_ERROR
ABORT HISTORY: last abort details: The buoyancy_pump device driver returned an error.
ABORT HISTORY: last abort time: 2018-01-09T17:07:13
ABORT HISTORY: last abort segment: ramses-2018-008-3-0 (0108.0000)
ABORT HISTORY: last abort mission: INI0.MI
 46291    No login script found for processing.
callback 30

I am going to hangup the Iridium!
I will call you back in 30 min