Connection Event: Carrier Detect found. 77416    Iridium console active and ready...
Vehicle Name: ramses
Curr Time: Wed Jan 10 15:00:08 2018 MT:   77415
DR  Location:  3504.290 N -7523.215 E measured     48.524 secs ago
GPS TooFar:    3501.499 N -7531.577 E measured    32911.1 secs ago
GPS Invalid :  3504.033 N -7523.448 E measured    1218.94 secs ago
GPS Location:  3504.290 N -7523.215 E measured     48.744 secs ago
   sensor:c_wpt_lat(lat)=3501.15050004916         77098.3 secs ago
   sensor:c_wpt_lon(lon)=-7536.52020000037        77098.4 secs ago
   sensor:m_battery(volts)=12.0342720468247         4.322 secs ago
   sensor:m_gps_lat(lat)=3504.2896                 49.056 secs ago
   sensor:m_gps_lon(lon)=-7523.2154                49.095 secs ago
   sensor:m_iridium_signal_strength(nodim)=5       12.645 secs ago
   sensor:m_leakdetect_voltage(volts)=2.5           12.49 secs ago
   sensor:m_leakdetect_voltage_forward(volts)=-1      4.615 secs ago
   sensor:m_mission_start_time(timestamp)=1515518992     1e+308 secs ago
   sensor:m_present_time(timestamp)=1515596407.54681      1.388 secs ago
   sensor:m_tot_num_inflections(nodim)=28352      77303.9 secs ago
   sensor:m_vacuum(inHg)=7.83702576312577           4.728 secs ago
   sensor:m_water_vx(m/s)=0                        1e+308 secs ago
   sensor:m_water_vy(m/s)=0                        1e+308 secs ago
   sensor:u_use_current_correction(nodim)=0        1e+308 secs ago
   sensor:x_last_wpt_lat(lat)=3501.15050004916    77108.1 secs ago
   sensor:x_last_wpt_lon(lon)=-7536.52020000037    77108.2 secs ago
ABORT HISTORY: total since reset: 2
ABORT HISTORY: last abort cause: MS_ABORT_DEVICE_ERROR
ABORT HISTORY: last abort details: The buoyancy_pump device driver returned an error.
ABORT HISTORY: last abort time: 2018-01-09T17:07:13
ABORT HISTORY: last abort segment: ramses-2018-008-3-0 (0108.0000)
ABORT HISTORY: last abort mission: INI0.MI
 77417    No login script found for processing.
callback 20

I am going to hangup the Iridium!
I will call you back in 20 minutes
at the primary number ( 881600005168 )


GliderDos N -1 > 77435 78 disabling Iridi