Connection Event: Carrier Detect found. 11724    Iridium console active and ready...
Vehicle Name: ramses
Curr Time: Tue Jan  9 08:32:51 2018 MT:   11723
DR  Location:  3502.258 N -7541.309 E measured     45.478 secs ago
GPS TooFar:    3502.276 N -7541.375 E measured    773.399 secs ago
GPS Invalid :  3502.395 N -7541.917 E measured    3623.89 secs ago
GPS Location:  3502.258 N -7541.309 E measured     48.588 secs ago
   sensor:c_wpt_lat(lat)=3502.52730004923         11170.5 secs ago
   sensor:c_wpt_lon(lon)=-7543.01140000044        11170.5 secs ago
   sensor:m_battery(volts)=11.9801993693647         4.336 secs ago
   sensor:m_gps_lat(lat)=3502.2584                 48.898 secs ago
   sensor:m_gps_lon(lon)=-7541.3091                 48.94 secs ago
   sensor:m_iridium_signal_strength(nodim)=3        12.68 secs ago
   sensor:m_leakdetect_voltage(volts)=2.5           4.396 secs ago
   sensor:m_leakdetect_voltage_forward(volts)=-1      4.432 secs ago
   sensor:m_mission_start_time(timestamp)=1515475047     1e+308 secs ago
   sensor:m_present_time(timestamp)=1515486770.94382      1.381 secs ago
   sensor:m_tot_num_inflections(nodim)=28349      11490.3 secs ago
   sensor:m_vacuum(inHg)=8.57670741758242           4.744 secs ago
   sensor:m_water_vx(m/s)=0.0853980204287164       1e+308 secs ago
   sensor:m_water_vy(m/s)=0.035082753444286        1e+308 secs ago
   sensor:u_use_current_correction(nodim)=1        1e+308 secs ago
   sensor:x_last_wpt_lat(lat)=3502.52730004923    11178.2 secs ago
   sensor:x_last_wpt_lon(lon)=-7543.01140000044    11178.3 secs ago
ABORT HISTORY: total since reset: 11
ABORT HISTORY: last abort cause: MS_ABORT_DEVICE_ERROR
ABORT HISTORY: last abort details: The deadman device driver returned an error.
ABORT HISTORY: last abort time: 2018-01-09T02:02:11
ABORT HISTORY: last abort segment: ramses-2018-008-0-0 (0105.0000)
ABORT HISTORY: last abort mission: SHELF_30.MI
 11725    No login script found for processing.
callback 60

I am going to hangup the Iridium!
I will call you back in 60 minutes
at the primary number ( 881600005168 )


GliderDos N -1 > 11744 82 disabling Iridium conso