Connection Event: Carrier Detect found. 74283    Iridium console active and ready...
Vehicle Name: ramses
Curr Time: Wed Jan 10 14:07:55 2018 MT:   74282
DR  Location:  3503.647 N -7523.843 E measured     48.743 secs ago
GPS TooFar:    3501.499 N -7531.577 E measured    29778.2 secs ago
GPS Invalid :  3503.217 N -7524.316 E measured    1823.46 secs ago
GPS Location:  3503.647 N -7523.843 E measured     52.808 secs ago
   sensor:c_wpt_lat(lat)=3501.15050004916         73965.4 secs ago
   sensor:c_wpt_lon(lon)=-7536.52020000037        73965.4 secs ago
   sensor:m_battery(volts)=12.0395207198491         4.306 secs ago
   sensor:m_gps_lat(lat)=3503.6474                 53.118 secs ago
   sensor:m_gps_lon(lon)=-7523.8426                53.161 secs ago
   sensor:m_iridium_signal_strength(nodim)=5       16.699 secs ago
   sensor:m_leakdetect_voltage(volts)=2.5          16.513 secs ago
   sensor:m_leakdetect_voltage_forward(volts)=-1      4.602 secs ago
   sensor:m_mission_start_time(timestamp)=1515518992     1e+308 secs ago
   sensor:m_present_time(timestamp)=1515593274.6127      1.378 secs ago
   sensor:m_tot_num_inflections(nodim)=28352      74170.9 secs ago
   sensor:m_vacuum(inHg)=7.61276263736264           4.715 secs ago
   sensor:m_water_vx(m/s)=0                        1e+308 secs ago
   sensor:m_water_vy(m/s)=0                        1e+308 secs ago
   sensor:u_use_current_correction(nodim)=0        1e+308 secs ago
   sensor:x_last_wpt_lat(lat)=3501.15050004916    73975.2 secs ago
   sensor:x_last_wpt_lon(lon)=-7536.52020000037    73975.2 secs ago
ABORT HISTORY: total since reset: 2
ABORT HISTORY: last abort cause: MS_ABORT_DEVICE_ERROR
ABORT HISTORY: last abort details: The buoyancy_pump device driver returned an error.
ABORT HISTORY: last abort time: 2018-01-09T17:07:13
ABORT HISTORY: last abort segment: ramses-2018-008-3-0 (0108.0000)
ABORT HISTORY: last abort mission: INI0.MI
 74284    No login script found for processing.
callback 30

I am going to hangup the Iridium!
I will call you back in 30 minutes
at the primary number ( 881600005168 )


GliderDos N -1 > 74302 40 disabling Iridium console...
