Connection Event: Carrier Detect found. 17174    Iridium console active and ready...
Vehicle Name: ramses
Curr Time: Tue Jan  9 01:04:59 2018 MT:   17162
DR  Location:  3502.226 N -7543.329 E measured     48.853 secs ago
GPS TooFar:    3503.732 N -7543.414 E measured     1e+308 secs ago
GPS Invalid :  3502.227 N -7543.322 E measured    1225.26 secs ago
GPS Location:  3502.226 N -7543.329 E measured     49.756 secs ago
   sensor:c_wpt_lat(lat)=3502.79070004924         16768.6 secs ago
   sensor:c_wpt_lon(lon)=-7542.59260000044        16768.7 secs ago
   sensor:m_battery(volts)=12.0597464547855        15.774 secs ago
   sensor:m_gps_lat(lat)=3502.2259                 50.063 secs ago
   sensor:m_gps_lon(lon)=-7543.3294                50.105 secs ago
   sensor:m_iridium_signal_strength(nodim)=5       16.014 secs ago
   sensor:m_leakdetect_voltage(volts)=2.5          24.018 secs ago
   sensor:m_leakdetect_voltage_forward(volts)=-1     16.076 secs ago
   sensor:m_mission_start_time(timestamp)=1515442725     1e+308 secs ago
   sensor:m_present_time(timestamp)=1515459887.36252     12.851 secs ago
   sensor:m_tot_num_inflections(nodim)=28346      16953.7 secs ago
   sensor:m_vacuum(inHg)=8.68999896214896          16.185 secs ago
   sensor:m_water_vx(m/s)=0.0853980204287164      16970.5 secs ago
   sensor:m_water_vy(m/s)=0.035082753444286       16970.6 secs ago
   sensor:u_use_current_correction(nodim)=1        1e+308 secs ago
   sensor:x_last_wpt_lat(lat)=3502.79070004924      16777 secs ago
   sensor:x_last_wpt_lon(lon)=-7542.59260000044    16777.1 secs ago
ABORT HISTORY: total since reset: 10
ABORT HISTORY: last abort cause: MS_ABORT_DEVICE_ERROR
ABORT HISTORY: last abort details: The deadman device driver returned an error.
ABORT HISTORY: last abort time: 2018-01-08T19:55:25
ABORT HISTORY: last abort segment: ramses-2018-007-7-0 (0103.0000)
ABORT HISTORY: last abort mission: SHELF_30.MI
 17175    No login script found for processing.
callback 20

I am going to hangup the Iridium!
I will call you back in 20 minutes
at the primary number ( 881600005168 )


GliderDos N -1 > 17188 89 disabling Iridium conso