Connection Event: Carrier Detect found. 41054    Iridium console active and ready...
Vehicle Name: ramses
Curr Time: Tue Jan  9 16:41:41 2018 MT:   41054
DR  Location:  3501.014 N -7536.942 E measured     41.368 secs ago
GPS TooFar:    3501.014 N -7536.942 E measured    493.249 secs ago
GPS Invalid :  3500.922 N -7537.279 E measured    3618.78 secs ago
GPS Location:  3501.014 N -7536.942 E measured     45.446 secs ago
   sensor:c_wpt_lat(lat)=3502.52730004923         40500.8 secs ago
   sensor:c_wpt_lon(lon)=-7543.01140000044        40500.8 secs ago
   sensor:m_battery(volts)=12.071933889602          4.303 secs ago
   sensor:m_gps_lat(lat)=3501.014                  45.759 secs ago
   sensor:m_gps_lon(lon)=-7536.9423                45.799 secs ago
   sensor:m_iridium_signal_strength(nodim)=5       12.659 secs ago
   sensor:m_leakdetect_voltage(volts)=2.5          28.688 secs ago
   sensor:m_leakdetect_voltage_forward(volts)=-1      4.599 secs ago
   sensor:m_mission_start_time(timestamp)=1515475047     1e+308 secs ago
   sensor:m_present_time(timestamp)=1515516101.20175      1.378 secs ago
   sensor:m_tot_num_inflections(nodim)=28349      40820.6 secs ago
   sensor:m_vacuum(inHg)=7.96462374847375           4.713 secs ago
   sensor:m_water_vx(m/s)=0.0853980204287164       1e+308 secs ago
   sensor:m_water_vy(m/s)=0.035082753444286        1e+308 secs ago
   sensor:u_use_current_correction(nodim)=1        1e+308 secs ago
   sensor:x_last_wpt_lat(lat)=3502.52730004923    40508.5 secs ago
   sensor:x_last_wpt_lon(lon)=-7543.01140000044    40508.5 secs ago
ABORT HISTORY: total since reset: 11
ABORT HISTORY: last abort cause: MS_ABORT_DEVICE_ERROR
ABORT HISTORY: last abort details: The deadman device driver returned an error.
ABORT HISTORY: last abort time: 2018-01-09T02:02:11
ABORT HISTORY: last abort segment: ramses-2018-008-0-0 (0105.0000)
ABORT HISTORY: last abort mission: SHELF_30.MI
 41056    No login script found for processing.
put u_max_time_in_gliderdos 15000

 41238  7 sensor: u_max_time_in_gliderdos = 15000 sec


GliderDos N -1 >