Connection Event: Carrier Detect found. 21874    Iridium console active and ready...
Vehicle Name: ramses
Curr Time: Tue Jan  9 23:34:26 2018 MT:   21873
DR  Location:  3501.661 N -7533.609 E measured     49.534 secs ago
GPS TooFar:    3501.661 N -7533.609 E measured     965.37 secs ago
GPS Invalid :  3501.697 N -7533.966 E measured    1814.67 secs ago
GPS Location:  3501.661 N -7533.609 E measured     49.755 secs ago
   sensor:c_wpt_lat(lat)=3501.15050004916         21556.9 secs ago
   sensor:c_wpt_lon(lon)=-7536.52020000037          21557 secs ago
   sensor:m_battery(volts)=12.0208607519969         4.338 secs ago
   sensor:m_gps_lat(lat)=3501.6609                 50.069 secs ago
   sensor:m_gps_lon(lon)=-7533.6087                50.111 secs ago
   sensor:m_iridium_signal_strength(nodim)=5       12.688 secs ago
   sensor:m_leakdetect_voltage(volts)=2.5           4.412 secs ago
   sensor:m_leakdetect_voltage_forward(volts)=-1       4.45 secs ago
   sensor:m_mission_start_time(timestamp)=1515518992     1e+308 secs ago
   sensor:m_present_time(timestamp)=1515540866.14511      1.398 secs ago
   sensor:m_tot_num_inflections(nodim)=28352      21762.5 secs ago
   sensor:m_vacuum(inHg)=7.92325106837607           4.747 secs ago
   sensor:m_water_vx(m/s)=0                        1e+308 secs ago
   sensor:m_water_vy(m/s)=0                        1e+308 secs ago
   sensor:u_use_current_correction(nodim)=0        1e+308 secs ago
   sensor:x_last_wpt_lat(lat)=3501.15050004916    21566.7 secs ago
   sensor:x_last_wpt_lon(lon)=-7536.52020000037    21566.8 secs ago
ABORT HISTORY: total since reset: 2
ABORT HISTORY: last abort cause: MS_ABORT_DEVICE_ERROR
ABORT HISTORY: last abort details: The buoyancy_pump device driver returned an error.
ABORT HISTORY: last abort time: 2018-01-09T17:07:13
ABORT HISTORY: last abort segment: ramses-2018-008-3-0 (0108.0000)
ABORT HISTORY: last abort mission: INI0.MI
 21876    No login script found for processing.
callback 30

I am going to hangup the Iridium!
I will call you back in 30 minutes
at the primary number ( 881600005168 )


GliderDos N -1 > 21893  3 disabl