Connection Event: Carrier Detect found. 31271    Iridium console active and ready...
Vehicle Name: ramses
Curr Time: Wed Jan 10 02:11:03 2018 MT:   31270
DR  Location:  3501.338 N -7533.312 E measured     37.418 secs ago
GPS TooFar:    3501.626 N -7533.468 E measured    8633.14 secs ago
GPS Invalid :  3501.429 N -7533.377 E measured    1818.88 secs ago
GPS Location:  3501.338 N -7533.312 E measured     41.504 secs ago
   sensor:c_wpt_lat(lat)=3501.15050004916         30953.2 secs ago
   sensor:c_wpt_lon(lon)=-7536.52020000037        30953.2 secs ago
   sensor:m_battery(volts)=12.0349880587288         4.302 secs ago
   sensor:m_gps_lat(lat)=3501.3384                 41.816 secs ago
   sensor:m_gps_lon(lon)=-7533.3116                41.859 secs ago
   sensor:m_iridium_signal_strength(nodim)=3         8.61 secs ago
   sensor:m_leakdetect_voltage(volts)=2.5          16.635 secs ago
   sensor:m_leakdetect_voltage_forward(volts)=-1      4.598 secs ago
   sensor:m_mission_start_time(timestamp)=1515518992     1e+308 secs ago
   sensor:m_present_time(timestamp)=1515550262.3833      1.376 secs ago
   sensor:m_tot_num_inflections(nodim)=28352      31158.7 secs ago
   sensor:m_vacuum(inHg)=8.0856485042735             4.71 secs ago
   sensor:m_water_vx(m/s)=0                        1e+308 secs ago
   sensor:m_water_vy(m/s)=0                        1e+308 secs ago
   sensor:u_use_current_correction(nodim)=0        1e+308 secs ago
   sensor:x_last_wpt_lat(lat)=3501.15050004916      30963 secs ago
   sensor:x_last_wpt_lon(lon)=-7536.52020000037      30963 secs ago
ABORT HISTORY: total since reset: 2
ABORT HISTORY: last abort cause: MS_ABORT_DEVICE_ERROR
ABORT HISTORY: last abort details: The buoyancy_pump device driver returned an error.
ABORT HISTORY: last abort time: 2018-01-09T17:07:13
ABORT HISTORY: last abort segment: ramses-2018-008-3-0 (0108.0000)
ABORT HISTORY: last abort mission: INI0.MI
 31272    No login script found for processing.
callback 30

I am going to hangup the Iridium!
I will call you back in 30 minutes
at the primary number ( 881600005168 )


GliderDos N -1 > 31292 15 disabling Iridium cons