Connection Event: Carrier Detect found. 68688    Iridium console active and ready...
Vehicle Name: ramses
Curr Time: Wed Jan 10 12:34:40 2018 MT:   68687
DR  Location:  3502.711 N -7525.430 E measured     45.545 secs ago
GPS TooFar:    3501.499 N -7531.577 E measured    24183.7 secs ago
GPS Invalid :  3502.611 N -7526.098 E measured    1814.75 secs ago
GPS Location:  3502.710 N -7525.430 E measured     49.623 secs ago
   sensor:c_wpt_lat(lat)=3501.15050004916           68371 secs ago
   sensor:c_wpt_lon(lon)=-7536.52020000037          68371 secs ago
   sensor:m_battery(volts)=12.0241875748687         4.306 secs ago
   sensor:m_gps_lat(lat)=3502.7105                 49.937 secs ago
   sensor:m_gps_lon(lon)=-7525.4303                49.981 secs ago
   sensor:m_iridium_signal_strength(nodim)=5       12.657 secs ago
   sensor:m_leakdetect_voltage(volts)=2.49993894993895      24.71 secs ago
   sensor:m_leakdetect_voltage_forward(volts)=-1      4.602 secs ago
   sensor:m_mission_start_time(timestamp)=1515518992     1e+308 secs ago
   sensor:m_present_time(timestamp)=1515587680.1745       1.38 secs ago
   sensor:m_tot_num_inflections(nodim)=28352      68576.5 secs ago
   sensor:m_vacuum(inHg)=7.88574499389499           4.715 secs ago
   sensor:m_water_vx(m/s)=0                        1e+308 secs ago
   sensor:m_water_vy(m/s)=0                        1e+308 secs ago
   sensor:u_use_current_correction(nodim)=0        1e+308 secs ago
   sensor:x_last_wpt_lat(lat)=3501.15050004916    68380.7 secs ago
   sensor:x_last_wpt_lon(lon)=-7536.52020000037    68380.8 secs ago
ABORT HISTORY: total since reset: 2
ABORT HISTORY: last abort cause: MS_ABORT_DEVICE_ERROR
ABORT HISTORY: last abort details: The buoyancy_pump device driver returned an error.
ABORT HISTORY: last abort time: 2018-01-09T17:07:13
ABORT HISTORY: last abort segment: ramses-2018-008-3-0 (0108.0000)
ABORT HISTORY: last abort mission: INI0.MI
 68690    No login script found for processing.
callback 30

I am going to hangup the Iridium!
I will call you back in 30 minutes
at the primary number ( 881600005168 )


GliderDos N -1 > 68707 25 disabling Iridium cons