Connection Event: Carrier Detect found. 76146    Iridium console active and ready...
Vehicle Name: ramses
Curr Time: Wed Jan 10 14:38:58 2018 MT:   76145
DR  Location:  3504.033 N -7523.449 E measured     44.814 secs ago
GPS TooFar:    3501.499 N -7531.577 E measured    31641.7 secs ago
GPS Invalid :  3503.650 N -7523.839 E measured    1816.58 secs ago
GPS Location:  3504.033 N -7523.449 E measured      45.98 secs ago
   sensor:c_wpt_lat(lat)=3501.15050004916           75829 secs ago
   sensor:c_wpt_lon(lon)=-7536.52020000037          75829 secs ago
   sensor:m_battery(volts)=12.0402222115855         7.716 secs ago
   sensor:m_gps_lat(lat)=3504.0329                 46.293 secs ago
   sensor:m_gps_lon(lon)=-7523.4494                46.333 secs ago
   sensor:m_iridium_signal_strength(nodim)=5       12.015 secs ago
   sensor:m_leakdetect_voltage(volts)=2.5          32.092 secs ago
   sensor:m_leakdetect_voltage_forward(volts)=-1      8.009 secs ago
   sensor:m_mission_start_time(timestamp)=1515518992     1e+308 secs ago
   sensor:m_present_time(timestamp)=1515595138.14502      1.407 secs ago
   sensor:m_tot_num_inflections(nodim)=28352      76034.5 secs ago
   sensor:m_vacuum(inHg)=7.91165125152625           8.125 secs ago
   sensor:m_water_vx(m/s)=0                        1e+308 secs ago
   sensor:m_water_vy(m/s)=0                        1e+308 secs ago
   sensor:u_use_current_correction(nodim)=0        1e+308 secs ago
   sensor:x_last_wpt_lat(lat)=3501.15050004916    75838.7 secs ago
   sensor:x_last_wpt_lon(lon)=-7536.52020000037    75838.8 secs ago
ABORT HISTORY: total since reset: 2
ABORT HISTORY: last abort cause: MS_ABORT_DEVICE_ERROR
ABORT HISTORY: last abort details: The buoyancy_pump device driver returned an error.
ABORT HISTORY: last abort time: 2018-01-09T17:07:13
ABORT HISTORY: last abort segment: ramses-2018-008-3-0 (0108.0000)
ABORT HISTORY: last abort mission: INI0.MI
 76148    No login script found for processing.
callback 20

I am going to hangup the Iridium!
I will call you back in 20 minutes
at the primary number ( 881600005168 )


GliderDos N -1 > 76169 78 disabling Iridium cons