Connection Event: Carrier Detect found.197603    Iridium console active and ready...
Vehicle Name: ramses
Curr Time: Thu May 31 03:59:33 2018 MT:  197599
DR  Location:  3525.186 N -7503.464 E measured     41.488 secs ago
GPS TooFar:    3551.566 N -7517.494 E measured     1e+308 secs ago
GPS Invalid :  3525.150 N -7503.468 E measured    149.571 secs ago
GPS Location:  3525.186 N -7503.464 E measured     43.878 secs ago
   sensor:c_wpt_lat(lat)=3526.486                 2047.65 secs ago
   sensor:c_wpt_lon(lon)=-7505.926                2047.72 secs ago
   sensor:m_battery(volts)=12.7698693965527         8.101 secs ago
   sensor:m_gps_lat(lat)=3525.1863                  44.31 secs ago
   sensor:m_gps_lon(lon)=-7503.4641                44.383 secs ago
   sensor:m_iridium_signal_strength(nodim)=5       13.477 secs ago
   sensor:m_leakdetect_voltage(volts)=2.5           8.274 secs ago
   sensor:m_leakdetect_voltage_forward(volts)=-1      8.317 secs ago
   sensor:m_mission_start_time(timestamp)=1527541570     1e+308 secs ago
   sensor:m_present_time(timestamp)=1527739169.44836       4.45 secs ago
   sensor:m_tot_num_inflections(nodim)=32978      308.279 secs ago
   sensor:m_vacuum(inHg)=7.09618412698413           69.79 secs ago
   sensor:m_water_vx(m/s)=0.251078845412854       117.055 secs ago
   sensor:m_water_vy(m/s)=0.203259753051987       117.109 secs ago
   sensor:u_use_current_correction(nodim)=1        1e+308 secs ago
   sensor:x_last_wpt_lat(lat)=3525.098            2048.77 secs ago
   sensor:x_last_wpt_lon(lon)=-7503.402           2048.83 secs ago
ABORT HISTORY: total since reset: 1
ABORT HISTORY: last abort cause: MS_ABORT_WPT_TOOFAR
ABORT HISTORY: last abort details: 
ABORT HISTORY: last abort time: 2018-05-23T20:37:55
ABORT HISTORY: last abort segment: ramses-2018-134-6-126 (0118.0126)
ABORT HISTORY: last abort mission: SHELF_30.MI
197604    No login script found for processing.
197604    DRIVER_ODDITY:iridium:1565:xxx_ctrl() ran too long




Glider ramses at surface.
Because:timeout expired [behavior surface_7 start_when = 9.0]
MissionName:SHELF_30.MI MissionNum:ramses-2018-147-0-28 (0120.0028)
Vehicle Name: ramses
Curr Time: Thu May 31 03:59:52 2018 MT:  197622
DR  Location:  3525.186 N -7503.464 E measured     61.214 secs ago
GPS TooFar:    3551.566 N -7517.494 E measured     1e+308 secs ago
GPS Invalid :  3525.150 N -7503.468 E measured    169.295 secs ago
GPS Location:  3525.186 N -7503.464 E measured     63.601 secs ago
   sensor:c_wpt_lat(lat)=3526.486                 2067.34 secs ago
   sensor:c_wpt_lon(lon)=-7505.926                2067.39 secs ago
   sensor:m_battery(volts)=12.7698693965527        27.747 secs ago
   sensor:m_gps_lat(lat)=3525.1863                 63.926 secs ago
   sensor:m_gps_lon(lon)=-7503.4641                63.969 secs ago
   sensor:m_iridium_signal_strength(nodim)=5       33.054 secs ago
   sensor:m_leakdetect_voltage(volts)=2.5           27.83 secs ago
   sensor:m_leakdetect_voltage_forward(volts)=-1      4.859 secs ago
   sensor:m_mission_start_time(timestamp)=1527541570     1e+308 secs ago
   sensor:m_present_time(timestamp)=1527739192.64948      0.777 secs ago
   sensor:m_tot_num_inflections(nodim)=32978      327.796 secs ago
   sensor:m_vacuum(inHg)=7.09618412698413          89.288 secs ago
   sensor:m_water_vx(m/s)=0.251078845412854       136.532 secs ago
   sensor:m_water_vy(m/s)=0.203259753051987       136.573 secs ago
   sensor:u_use_current_correction(nodim)=1        1e+308 secs ago
   sensor:x_last_wpt_lat(lat)=3525.098            2068.19 secs ago
   sensor:x_last_wpt_lon(lon)=-7503.402           2068.24 secs ago
devices:(t/m/s) errs:   0/   0/   0 warn:   6/   1/   0 odd:3536/ 474/   8
ABORT HISTORY: total since reset: 1
ABORT HISTORY: last abort cause: MS_ABORT_WPT_TOOFAR
ABORT HISTORY: last abort details: 
ABORT HISTORY: last abort time: 2018-05-23T20:37:55
ABORT HISTORY: last abort segment: ramses-2018-134-6-126 (0118.0126)
ABORT HISTORY: last abort mission: SHELF_30.MI

   Hit Control-R to RESUME the mission, i.e. dive!
   Hit Control-C to END    the mission, i.e. GliderDos
   Hit Control-E to extend surface time by 5 minutes.
   Hit Control-W to get device warning reports.
   Hit Control-F to re-read yo, goto_l, surface, sample, drift_ mafiles.
   Hit H <n> <0:1> to Hangup and call back in <n> minutes at 0-primary 1-alternate number.
   Hit S [-f={rf}|{irid] [-num=<n>] [-t=<s>] [filespec ...] to send log files
   Hit ! <GliderDos cmd>  to execute <GliderDos cmd>
   Hit Control-T to consci to science computer when comms ready:
                                               ... communications ready for consci.

Water Velocity Calculations waiting for final gps fix(ideally -63 secs)
Waypoint: (3526.4860,-7505.9260) Range: 4432m, Bearing: 315deg, Age: 0:34h:m
Time until diving is: 229 secs
^F
MAFILES will be re-read.

Extending surface time by 5 minutes just in case
 user might want to verify quality of MAFILE(s).
197638 72 behavior surface_6: SUBSTATE 0 UnInited->0 UnInited: rereading .ma file
197638    behavior surface_6: STATE Waiting for Activation -> UnInited
197638    behavior surface_5: SUBSTATE 0 UnInited->0 UnInited: rereading .ma file
197638    behavior surface_5: STATE Waiting for Activation -> UnInited
197638    behavior surface_4: SUBSTATE 0 UnInited->0 UnInited: rereading .ma file
197638    behavior surface_4: STATE Waiting for Activation -> UnInited
197638    behavior surface_3: SUBSTATE 0 UnInited->0 UnInited: rereading .ma file
197639    behavior surface_3: STATE Waiting for Activation -> UnInited
197639    behavior surface_2: SUBSTATE 0 UnInited->0 UnInited: rereading .ma file
197639    behavior surface_2: STATE Waiting for Activation -> UnInited
197643 73 behavior sample_12: SUBSTATE 4 ->0 UnInited: Unitialized
197643    behavior sample_12: STATE Active -> UnInited
197643    behavior sample_11: SUBSTATE 4 ->0 UnInited: Unitialized
197643    behavior sample_11: STATE Active -> UnInited
197643    behavior sample_10: SUBSTATE 4 ->0 UnInited: Unitialized
197644    behavior sample_10: STATE Active -> UnInited
197644    behavior yo_9: STATE Active -> UnInited
197644    behavior goto_list_8: STATE Active -> UnInited
197644    behavior surface_6: Reading b_args from surfac50.ma
197644    behavior surface_6: start_when(enum)=13.000000
197644    behavior surface_6: when_utc_min(min)=0.000000
197644    behavior surface_6: when_utc_hour(hour)=4.000000
197644    behavior surface_6: when_utc_day(day)=-1.000000
197644    behavior surface_6: when_utc_month(month)=-1.000000
197644    behavior surface_6: report_all(bool)=0.000000
197644    behavior surface_6: end_action(enum)=1.000000
197644    behavior surface_6: gps_wait_time(s)=600.000000
197644    behavior surface_6: keystroke_wait_time(sec)=300.000000
197644    behavior surface_6: c_use_pitch(enum)=3.000000
197644    behavior surface_6: c_use_bpump(enum)=2.000000
197645    behavior surface_6: c_bpump_value(X)=1000.000000
197645    behavior surface_6: c_pitch_value(X)=0.452800
197645    behavior surface_6: printout_cycle_time(sec)=30.000000
197645    behavior surface_6: STATE UnInited -> Waiting for Activation
197645    behavior surface_6: argument: args_from_file = 50.000000 enum
197645    behavior surface_6: argument: start_when = 13.000000 enum
197645    behavior surface_6: argument: when_secs = 1200.000000 sec
197645    behavior surface_6: argument: when_wpt_dist = 10.000000 m
197645    behavior surface_6: argument: end_action = 1.000000 enum
197645    behavior surface_6: argument: report_all = 0.000000 bool
197645    behavior surface_6: argument: gps_wait_time = 600.000000 sec
197645    behavior surface_6: argument: keystroke_wait_time = 300.000000 sec
197645    behavior surface_6: argument: end_wpt_dist = 0.000000 m
197645    behavior surface_6: argument: c_use_bpump = 2.000000 enum
197645    behavior surface_6: argument: c_bpump_value = 1000.000000 X
197645    behavior surface_6: argument: c_use_pitch = 3.000000 enum
197645    behavior surface_6: argument: c_pitch_value = 0.452800 X
197646    behavior surface_6: argument: printout_cycle_time = 30.000000 sec
197646    behavior surface_6: argument: gps_postfix_wait_time = 60.000000 sec
197646    behavior surface_6: argument: force_iridium_use = 0.000000 nodim
197646    behavior surface_6: argument: min_time_between_gps_fixes = 300.000000 sec
197646    behavior surface_6: argumen