Connection Event: Carrier Detect found.498.26    Iridium console active and ready...
Vehicle Name: ramses
Curr Time: Tue Jan  9 05:25:45 2018 MT:     497
DR  Location:  3502.527 N -7543.011 E measured    248.934 secs ago
GPS TooFar:    3503.732 N -7543.414 E measured     1e+308 secs ago
GPS Invalid :  3502.680 N -7543.023 E measured    316.393 secs ago
GPS Location:  3502.527 N -7543.011 E measured    251.168 secs ago
   sensor:c_wpt_lat(lat)=3502.52730004923          10.605 secs ago
   sensor:c_wpt_lon(lon)=-7543.01140000044         10.663 secs ago
   sensor:m_battery(volts)=11.6968529429985        54.233 secs ago
   sensor:m_gps_lat(lat)=3502.5273                251.561 secs ago
   sensor:m_gps_lon(lon)=-7543.0114               251.617 secs ago
   sensor:m_iridium_signal_strength(nodim)=5       25.005 secs ago
   sensor:m_leakdetect_voltage(volts)=2.49911477411477     54.402 secs ago
   sensor:m_leakdetect_voltage_forward(volts)=-1      5.606 secs ago
   sensor:m_mission_start_time(timestamp)=1515475047     1e+308 secs ago
   sensor:m_present_time(timestamp)=1515475545.01056      1.725 secs ago
   sensor:m_tot_num_inflections(nodim)=28349       264.74 secs ago
   sensor:m_vacuum(inHg)=8.62465332722832          73.361 secs ago
   sensor:m_water_vx(m/s)=0.0853980204287164       1e+308 secs ago
   sensor:m_water_vy(m/s)=0.035082753444286        1e+308 secs ago
   sensor:u_use_current_correction(nodim)=1        1e+308 secs ago
   sensor:x_last_wpt_lat(lat)=3502.52730004923      16.62 secs ago
   sensor:x_last_wpt_lon(lon)=-7543.01140000044     16.667 secs ago
ABORT HISTORY: total since reset: 11
ABORT HISTORY: last abort cause: MS_ABORT_DEVICE_ERROR
ABORT HISTORY: last abort details: The deadman device driver returned an error.
ABORT HISTORY: last abort time: 2018-01-09T02:02:11
ABORT HISTORY: last abort segment: ramses-2018-008-0-0 (0105.0000)
ABORT HISTORY: last abort mission: SHELF_30.MI
499.64    No login script found for processing.
499.68    DRIVER_ODDITY:iridium:1508:xxx_ctrl() ran too long




Glider ramses at surface.
Because:Hit a waypoint [behavior surface_2 start_when = 8.0]
MissionName:lastgasp.mi MissionNum:ramses-2018-008-1-0 (0106.0000)
Vehicle Name: ramses
Curr Time: Tue Jan  9 05:26:29 2018 MT:     542
DR  Location:  3502.527 N -7543.011 E measured    292.334 secs ago
GPS TooFar:    3503.732 N -7543.414 E measured     1e+308 secs ago
GPS Invalid :  3502.680 N -7543.023 E measured    359.792 secs ago
GPS Location:  3502.527 N -7543.011 E measured    294.569 secs ago
   sensor:c_wpt_lat(lat)=3502.52730004923          53.989 secs ago
   sensor:c_wpt_lon(lon)=-7543.01140000044         54.029 secs ago
   sensor:m_battery(volts)=11.7092042787352        33.581 secs ago
   sensor:m_gps_lat(lat)=3502.5273                294.878 secs ago
   sensor:m_gps_lon(lon)=-7543.0114               294.904 secs ago
   sensor:m_iridium_signal_strength(nodim)=5       68.282 secs ago
   sensor:m_leakdetect_voltage(volts)=2.49996947496947     33.657 secs ago
   sensor:m_leakdetect_voltage_forward(volts)=-1      4.673 secs ago
   sensor:m_mission_start_time(timestamp)=1515475047     1e+308 secs ago
   sensor:m_present_time(timestamp)=1515475589.23126      0.743 secs ago
   sensor:m_tot_num_inflections(nodim)=28349      307.971 secs ago
   sensor:m_vacuum(inHg)=8.62465332722832         116.572 secs ago
   sensor:m_water_vx(m/s)=0.0853980204287164       1e+308 secs ago
   sensor:m_water_vy(m/s)=0.035082753444286        1e+308 secs ago
   sensor:u_use_current_correction(nodim)=1        1e+308 secs ago
   sensor:x_last_wpt_lat(lat)=3502.52730004923     59.779 secs ago
   sensor:x_last_wpt_lon(lon)=-7543.01140000044     59.817 secs ago
devices:(t/m/s) errs: 835/   0/   0 warn: 108/   0/   0 odd:8349/   7/   7
ABORT HISTORY: total since reset: 11
ABORT HISTORY: last abort cause: MS_ABORT_DEVICE_ERROR
ABORT HISTORY: last abort details: The deadman device driver returned an error.
ABORT HISTORY: last abort time: 2018-01-09T02:02:11
ABORT HISTORY: last abort segment: ramses-2018-008-0-0 (0105.0000)
ABORT HISTORY: last abort mission: SHELF_30.MI

   Hit Control-R to RESUME the mission, i.e. dive!
   Hit Control-C to END    the mission, i.e. GliderDos
   Hit Control-E to extend surface time by 5 minutes.
   Hit Control-W to get device warning reports.
   Hit Control-F to re-read yo, goto_l, surface, sample, drift_ mafiles.
   Hit H <n> <0:1> to Hangup and call back in <n> minutes at 0-primary 1-alternate number.
   Hit S [-f={rf}|{irid] [-num=<n>] [-t=<s>] [filespec ...] to send log files
   Hit ! <GliderDos cmd>  to execute <GliderDos cmd>
   Hit Control-T to consci to science computer when comms ready:
                                               ... communications ready for consci.

Water Velocity Calculations COMPLETE
Waypoint: (3502.5273,-7543.0114) Range: 0m, Bearing: NaNdeg, Age: 0:5h:m
Drifting toward outer watch circle, centered o