Connection Event: Carrier Detect found. 53757    Iridium console active and ready...
Vehicle Name: ramses
Curr Time: Wed Jan 10 08:25:49 2018 MT:   53756
DR  Location:  3502.083 N -7529.591 E measured     48.214 secs ago
GPS TooFar:    3501.499 N -7531.577 E measured    9252.07 secs ago
GPS Invalid :  3501.986 N -7529.954 E measured    1815.48 secs ago
GPS Location:  3502.083 N -7529.591 E measured     51.429 secs ago
   sensor:c_wpt_lat(lat)=3501.15050004916         53439.3 secs ago
   sensor:c_wpt_lon(lon)=-7536.52020000037        53439.3 secs ago
   sensor:m_battery(volts)=12.0283139657721         4.297 secs ago
   sensor:m_gps_lat(lat)=3502.0831                 51.741 secs ago
   sensor:m_gps_lon(lon)=-7529.5914                51.783 secs ago
   sensor:m_iridium_signal_strength(nodim)=4       16.673 secs ago
   sensor:m_leakdetect_voltage(volts)=2.5          24.654 secs ago
   sensor:m_leakdetect_voltage_forward(volts)=-1      4.591 secs ago
   sensor:m_mission_start_time(timestamp)=1515518992     1e+308 secs ago
   sensor:m_present_time(timestamp)=1515572748.5202      1.371 secs ago
   sensor:m_tot_num_inflections(nodim)=28352      53644.8 secs ago
   sensor:m_vacuum(inHg)=7.86795860805861           4.704 secs ago
   sensor:m_water_vx(m/s)=0                        1e+308 secs ago
   sensor:m_water_vy(m/s)=0                        1e+308 secs ago
   sensor:u_use_current_correction(nodim)=0        1e+308 secs ago
   sensor:x_last_wpt_lat(lat)=3501.15050004916    53449.1 secs ago
   sensor:x_last_wpt_lon(lon)=-7536.52020000037    53449.1 secs ago
ABORT HISTORY: total since reset: 2
ABORT HISTORY: last abort cause: MS_ABORT_DEVICE_ERROR
ABORT HISTORY: last abort details: The buoyancy_pump device driver returned an error.
ABORT HISTORY: last abort time: 2018-01-09T17:07:13
ABORT HISTORY: last abort segment: ramses-2018-008-3-0 (0108.0000)
ABORT HISTORY: last abort mission: INI0.MI
 53758    No login script found for processing.
callback 30

I am going to hangup the Iridium!
I will call you back in 30 minutes
at the primary number ( 881600005168 )


GliderDos N -1 > 53775 10 disabling Iridiu