Connection Event: Carrier Detect found. 51889    Iridium console active and ready...
Vehicle Name: ramses
Curr Time: Wed Jan 10 07:54:41 2018 MT:   51888
DR  Location:  3501.986 N -7529.955 E measured     41.342 secs ago
GPS TooFar:    3501.499 N -7531.577 E measured    7384.52 secs ago
GPS Invalid :  3501.883 N -7530.336 E measured    1816.78 secs ago
GPS Location:  3501.986 N -7529.955 E measured     45.412 secs ago
   sensor:c_wpt_lat(lat)=3501.15050004916         51571.7 secs ago
   sensor:c_wpt_lon(lon)=-7536.52020000037        51571.8 secs ago
   sensor:m_battery(volts)=12.0130695867557         4.308 secs ago
   sensor:m_gps_lat(lat)=3501.9858                 45.723 secs ago
   sensor:m_gps_lon(lon)=-7529.9548                45.766 secs ago
   sensor:m_iridium_signal_strength(nodim)=5       12.654 secs ago
   sensor:m_leakdetect_voltage(volts)=2.49932844932845     64.305 secs ago
   sensor:m_leakdetect_voltage_forward(volts)=-1        4.6 secs ago
   sensor:m_mission_start_time(timestamp)=1515518992     1e+308 secs ago
   sensor:m_present_time(timestamp)=1515570880.96234      1.378 secs ago
   sensor:m_tot_num_inflections(nodim)=28352      51777.3 secs ago
   sensor:m_vacuum(inHg)=7.97545024420024           4.716 secs ago
   sensor:m_water_vx(m/s)=0                        1e+308 secs ago
   sensor:m_water_vy(m/s)=0                        1e+308 secs ago
   sensor:u_use_current_correction(nodim)=0        1e+308 secs ago
   sensor:x_last_wpt_lat(lat)=3501.15050004916    51581.5 secs ago
   sensor:x_last_wpt_lon(lon)=-7536.52020000037    51581.6 secs ago
ABORT HISTORY: total since reset: 2
ABORT HISTORY: last abort cause: MS_ABORT_DEVICE_ERROR
ABORT HISTORY: last abort details: The buoyancy_pump device driver returned an error.
ABORT HISTORY: last abort time: 2018-01-09T17:07:13
ABORT HISTORY: last abort segment: ramses-2018-008-3-0 (0108.0000)
ABORT HISTORY: last abort mission: INI0.MI
 51890    No login script found for processing.
callback 30

I am going to hangup the Iridium!
I will call you back in 30 minutes
at the primary number ( 881600005168 )


GliderDos N -1 > 51909 70 disabl