Connection Event: Carrier Detect found. 27535    Iridium console active and ready...
Vehicle Name: ramses
Curr Time: Wed Jan 10 01:08:47 2018 MT:   27534
DR  Location:  3501.507 N -7533.354 E measured     41.418 secs ago
GPS TooFar:    3501.626 N -7533.468 E measured    4897.69 secs ago
GPS Invalid :  3501.559 N -7533.346 E measured    1808.63 secs ago
GPS Location:  3501.507 N -7533.354 E measured     43.605 secs ago
   sensor:c_wpt_lat(lat)=3501.15050004916         27217.7 secs ago
   sensor:c_wpt_lon(lon)=-7536.52020000037        27217.8 secs ago
   sensor:m_battery(volts)=12.01847331366           4.303 secs ago
   sensor:m_gps_lat(lat)=3501.5072                 43.918 secs ago
   sensor:m_gps_lon(lon)=-7533.3535                 43.96 secs ago
   sensor:m_iridium_signal_strength(nodim)=5        8.608 secs ago
   sensor:m_leakdetect_voltage(volts)=2.5          20.607 secs ago
   sensor:m_leakdetect_voltage_forward(volts)=-1      4.598 secs ago
   sensor:m_mission_start_time(timestamp)=1515518992     1e+308 secs ago
   sensor:m_present_time(timestamp)=1515546526.9353      1.377 secs ago
   sensor:m_tot_num_inflections(nodim)=28352      27423.3 secs ago
   sensor:m_vacuum(inHg)=8.15834068986569           4.711 secs ago
   sensor:m_water_vx(m/s)=0                        1e+308 secs ago
   sensor:m_water_vy(m/s)=0                        1e+308 secs ago
   sensor:u_use_current_correction(nodim)=0        1e+308 secs ago
   sensor:x_last_wpt_lat(lat)=3501.15050004916    27227.5 secs ago
   sensor:x_last_wpt_lon(lon)=-7536.52020000037    27227.5 secs ago
ABORT HISTORY: total since reset: 2
ABORT HISTORY: last abort cause: MS_ABORT_DEVICE_ERROR
ABORT HISTORY: last abort details: The buoyancy_pump device driver returned an error.
ABORT HISTORY: last abort time: 2018-01-09T17:07:13
ABORT HISTORY: last abort segment: ramses-2018-008-3-0 (0108.0000)
ABORT HISTORY: last abort mission: INI0.MI
 27536    No login script found for processing.
callback 30

I am going to hangup the Iridium!
I will call you back in 30 minutes
at the primary number ( 881600005168 )


GliderDos N -1 > 27560 39 disabling I