Connection Event: Carrier Detect found.  4115    Iridium console active and ready...
Vehicle Name: ramses
Curr Time: Tue May 15 16:58:33 2018 MT:    4114
DR  Location:  3551.286 N -7522.466 E measured     49.058 secs ago
GPS TooFar:   69696969.000 N 69696969.000 E measured     1e+308 secs ago
GPS Invalid :  3551.101 N -7522.710 E measured    131.233 secs ago
GPS Location:  3551.286 N -7522.466 E measured     51.339 secs ago
   sensor:c_wpt_lat(lat)=3550.92192                3938.2 secs ago
   sensor:c_wpt_lon(lon)=-7521.87085              3938.25 secs ago
   sensor:m_battery(volts)=15.1685056947396         7.845 secs ago
   sensor:m_gps_lat(lat)=3551.2858                  51.67 secs ago
   sensor:m_gps_lon(lon)=-7522.4661                51.714 secs ago
   sensor:m_iridium_signal_strength(nodim)=5       16.258 secs ago
   sensor:m_leakdetect_voltage(volts)=2.5          19.973 secs ago
   sensor:m_leakdetect_voltage_forward(volts)=-1      8.143 secs ago
   sensor:m_mission_start_time(timestamp)=1526399398     1e+308 secs ago
   sensor:m_present_time(timestamp)=1526403512.60767      1.637 secs ago
   sensor:m_tot_num_inflections(nodim)=28368      1942.26 secs ago
   sensor:m_vacuum(inHg)=7.73649401709401           8.255 secs ago
   sensor:m_water_vx(m/s)=0.181326137079924       2932.92 secs ago
   sensor:m_water_vy(m/s)=-0.0474295905653479     2932.96 secs ago
   sensor:u_use_current_correction(nodim)=1        1e+308 secs ago
   sensor:x_last_wpt_lat(lat)=3501.1505            1e+308 secs ago
   sensor:x_last_wpt_lon(lon)=-7536.5202           1e+308 secs ago
  4116    No login script found for processing.
get sci_water_cond
 = 4.114720 S/m

GliderDos N -1 >get sci_water_temp
 = 17.745500 degC

GliderDos N -1 >loadmission waterclr.mi

load_mission(): Opening Mission file: WATERCLR.MI
Setting SENSOR m_water_vx(m/s) = 0.000000
Setting SENSOR m_water_vy(m/s) = 0.000000


GliderDos N -1 >run shelf_30.mi

Starting Mission: SHELF_30.MI
The instantaneous lag time between the system and gps clock is -1.0 seconds.
The average lag time between the system and gps clock is -1.9 seconds.
timestamp: Tue May 15 17:00:54 2018
load_mission(): Opening Mission file: SHELF_30.MI
Setting SENSOR u_use_current_correction(nodim) = 1.000000
Setting SENSOR c_science_send_all(bool) = 0.000000
Setting SENSOR c_science_all_on_enabled(bool) = 0.000000
Vehicle Name: ramses
Curr Time: Tue May 15 17:00:55 2018 MT:    4255
DR  Location:  3551.286 N -7522.466 E measured    191.007 secs ago
GPS TooFar:   69696969.000 N 69696969.000 E measured     1e+308 secs ago
GPS Invalid :  3551.101 N -7522.710 E measured    273.182 secs ago
GPS Location:  3551.286 N -7522.466 E measured    193.288 secs ago
   sensor:c_wpt_lat(lat)=3550.92192               4080.14 secs ago
   sensor:c_wpt_lon(lon)=-7521.87085              4080.19 secs ago
   sensor:m_battery(volts)=15.1514215362464         1.391 secs ago
   sensor:m_gps_lat(lat)=3551.2858                193.612 secs ago
   sensor:m_gps_lon(lon)=-7522.4661               193.651 secs ago
   sensor:m_iridium_signal_strength(nodim)=5      158.196 secs ago
   sensor:m_leakdetect_voltage(volts)=2.5           36.67 secs ago
   sensor:m_leakdetect_voltage_forward(volts)=-1      1.684 secs ago
   sensor:m_mission_start_time(timestamp)=1526399398     1e+308 secs ago
   sensor:m_present_time(timestamp)=1526403653.47382      2.709 secs ago
   sensor:m_tot_num_inflections(nodim)=28368       2084.2 secs ago
   sensor:m_vacuum(inHg)=7.81305280830281             1.8 secs ago
   sensor:m_water_vx(m/s)=0                        71.165 secs ago
   sensor:m_water_vy(m/s)=0                        71.185 secs ago
   sensor:u_use_current_correction(nodim)=1         1.429 secs ago
   sensor:x_last_wpt_lat(lat)=3501.1505            1e+308 secs ago
   sensor:x_last_wpt_lon(lon)=-7536.5202           1e+308 secs ago
start_alldevices()

PARSED iridium_phone_data for datum# 0: ===========
   predial initialization cmds (from c:\config\iridinit.0):
      ATE
      AT+cbst=6,0,1
      AT+CSQ
   dial string: ATD00881600005168
      from sensors:
         C_IRIDIUM_LEAD_ZEROS
         C_IRIDIUM_PHONE_NUM
   Iridium login script (from c:\config\loginexp.0):   empty or non-existent

PARSED iridium_phone_data for datum# 1: ===========
   predial initialization cmds (from c:\config\iridinit.1):
      ATE
      AT+cbst=6,0,1
      AT+CSQ
   dial string: ATD0015085482446
      from sensors:
         C_IRIDIUM_LEAD_ZEROS_ALT
         C_IRIDIUM_PHONE_NUM_ALT
   Iridium login script (from c:\config\loginexp.1):   empty or non-existent
 60.66  2 01180000.mlg LOG FILE OPENED
MissionSTARTDate: 15 May 2018 17:00:56 Z
Mission Name:   SHELF_30.MI
Mission Number: ramses-2018-134-6-0 (0118.0000)
log_c_stack():
  1-abend           2-surface         3-surface         4-surface         5-surface         
  6-surface         7-surface         8-goto_list       9-yo              10-sample          
  11-sample          12-sample          13-prepare_to_dive 14-sensors_in      
report_heap_size(): M_FREE_HEAP=248.0K,  M_SPARE_HEAP=229.0K
pre_mission_init():End of Initialization
 64.44  3 behavior sensors_in_14: STATE UnInited -> Active
 64.50    behavior sensors_in_14: argument: c_att_time = -1.000000 sec
 64.57    behavior sensors_in_14: argument: c_pressure_time = -1.000000 sec
 64.63    behavior sensors_in_14: argument: c_alt_time = -1.000000 sec
 64.70    behavior sensors_in_14: argument: u_battery_time = -1.000000 sec
 64.76    behavior sensors_in_14: argument: u_vacuum_time = -1.000000 sec
 64.83    behavior sensors_in_14: argument: c_leakdetect_time = -1.000000 sec
 64.90    behavior sensors_in_14: argument: c_gps_on = 0.000000 bool
 64.96    behavior sensors_in_14: argument: c_science_all_on = -1.000000 sec
 65.03    behavior sensors_in_14: argument: c_profile_on = -1.000000 sec
 65.09    behavior sensors_in_14: argument: c_hs2_on = -1.000000 sec
 65.16    behavior sensors_in_14: argument: c_bb2f_on = -1.000000 sec
 65.22    behavior sensors_in_14: argument: c_bb2c_on = -1.000000 sec
 65.28    behavior sensors_in_14: argument: c_bb2lss_on = -1.000000 sec
 65.35    behavior sensors_in_14: argument: c_sam_on = -1.000000 sec
 65.41    behavior sensors_in_14: argument: c_whpar_on = -1.000000 sec
 65.48    behavior sensors_in_14: argument: c_whgpbm_on = -1.000000 sec
 65.54    behavior sensors_in_14: argument: c_motebb_on = -1.000000 sec
 65.61    behavior sensors_in_14: argument: c_bbfl2s_on = -1.000000 sec
 65.67    behavior sensors_in_14: argument: c_fl3slo_on = -1.000000 sec
 65.74    behavior sensors_in_14: argument: c_bb3slo_on = -1.000000 sec
 65.81    behavior sensors_in_14: argument: c_oxy3835_on = -1.000000 sec
 65.87    behavior sensors_in_14: argument: c_whfctd_on = -1.000000 sec
 65.94    behavior sensors_in_14: argument: c_bam_on = -1.000000 sec
 66.00    behavior sensors_in_14: argument: c_ocr504R_on = -1.000000 sec
 66.07    behavior sensors_in_14: argument: c_ocr504I_on = -1.000000 sec
 66.13    behavior sensors_in_14: argument: c_flntu_on = -1.000000 sec
 66.20    behavior sensors_in_14: argument: c_fl3slov2_on = -1.000000 sec
 66.26    behavior sensors_in_14: argument: c_bb3slov2_on = -1.000000 sec
 66.33    behavior sensors_in_14: argument: c_ocr507R_on = -1.000000 sec
 66.39    behavior sensors_in_14: argument: c_ocr507I_on = -1.000000 sec
 66.46    behavior sensors_in_14: argument: c_bb3slov3_on = -1.000000 sec
 66.53    behavior sensors_in_14: argument: c_bb2fls_on = -1.000000 sec
 66.59    behavior sensors_in_14: argument: c_bb2flsV2_on = -1.000000 sec
 66.66    behavior sensors_in_14: argument: c_oxy3835_wphase_on = -1.000000 sec
 66.73    behavior sensors_in_14: argument: c_auvb_on = -1.000000 sec
 66.79    behavior sensors_in_14: argument: c_bb2fV2_on = -1.000000 sec
 66.86    behavior sensors_in_14: argument: c_tarr_on = -1.000000 sec
 66.92    behavior sensors_in_14: argument: c_bbfl2sV2_on = -1.000000 sec
 66.99    behavior sensors_in_14: argument: c_glbps_on = -1.000000 sec
 67.05    behavior sensors_in_14: argument: c_sscsd_on = -1.000000 sec
 67.12    behavior sensors_in_14: argument: c_bb2flsV3_on = -1.000000 sec
 67.18    behavior sensors_in_14: argument: c_fire_on = -1.000000 sec
 67.25    behavior sensors_in_14: argument: c_ohf_on = -1.000000 sec
 67.31    behavior sensors_in_14: argument: c_bb2flsV4_on = -1.000000 sec
 67.38    behavior sensors_in_14: argument: c_bb2flsV5_on = -1.000000 sec
 67.44    behavior sensors_in_14: argument: c_logger_on = -1.000000 sec
 67.51    behavior sensors_in_14: argument: c_bbam_on = -1.000000 sec
 67.57    behavior sensors_in_14: argument: c_uModem_on = -1.000000 sec
 67.64    behavior sensors_in_14: argument: c_rinkoII_on = -1.000000 sec
 67.70    behavior sensors_in_14: argument: c_dvl_on = -1.000000 sec
 67.77    behavior sensors_in_14: argument: c_bb2flsV6_on = -1.000000 sec
 67.83    behavior sensors_in_14: argument: c_flbbrh_on = -1.000000 sec
 67.90    behavior sensors_in_14: argument: c_flur_on = -1.000000 sec
 67.97    behavior sensors_in_14: argument: c_bb2flsV7_on = -1.000000 sec
 68.03    behavior sensors_in_14: argument: c_flbbcd_on = -1.000000 sec
 68.09    behavior sensors_in_14: argument: c_dmon_on = -1.000000 sec
 68.16    behavior sensors_in_14: argument: c_c3sfl_on = -1.000000 sec
 68.22    behavior sensors_in_14: argument: c_suna_on = -1.000000 sec
 68.29    behavior sensors_in_14: argument: c_satpar_on = -1.000000 sec
 68.36    behavior sensors_in_14: argument: c_vsf_on = -1.000000 sec
 68.42    behavior sensors_in_14: argument: c_oxy4_on = -1.000000 sec
 68.48    behavior sensors_in_14: argument: c_gamma_rad5_on = -1.000000 sec
 68.55    behavior sensors_in_14: argument: c_bsipar_on = -1.000000 sec
 68.61    behavior sensors_in_14: argument: c_flbb_on = -1.000000 sec
 68.68    behavior sensors_in_14: argument: c_vr2c_on = -1.000000 sec
 68.74    behavior sensors_in_14: argument: c_ctd41cp2_on = -1.000000 sec
 68.85    behavior prepare_to_dive_13: STATE UnInited -> Waiting for Activation
 68.92    behavior prepare_to_dive_13: argument: args_from_file = -1.000000 enum
 68.99    behavior prepare_to_dive_13: argument: start_when = 0.000000 enum
 69.05    behavior prepare_to_dive_13: argument: wait_time = 720.000000 sec
 69.11    behavior prepare_to_dive_13: argument: max_thermal_charge_time = 120.000000 sec
 69.19    behavior prepare_to_dive_13: argument: max_pumping_charge_time = 1000.000000 sec
 69.26    behavior prepare_to_dive_13: STATE Waiting for Activation -> Active
 69.32    init_gps_input()
 69.35    behavior prepare_to_dive_13: SUBSTATE 0 UnInited->1 : Waiting for initial GPS fix
 69.44    behavior sample_12: sample(): reading bargs
 69.49    behavior sample_12: Reading b_args from sample30.ma
 69.59    behavior sample_12: sensor_type(enum)=48.00000