Connection Event: Carrier Detect found. 79963    Iridium console active and ready...
Vehicle Name: ramses
Curr Time: Wed Jan 10 15:42:35 2018 MT:   79962
DR  Location:  3504.855 N -7522.804 E measured     41.264 secs ago
GPS TooFar:    3501.499 N -7531.577 E measured    35458.2 secs ago
GPS Invalid :  3504.580 N -7523.010 E measured    1220.28 secs ago
GPS Location:  3504.855 N -7522.804 E measured     45.332 secs ago
   sensor:c_wpt_lat(lat)=3501.15050004916         79645.4 secs ago
   sensor:c_wpt_lon(lon)=-7536.52020000037        79645.4 secs ago
   sensor:m_battery(volts)=12.0372852581507         4.306 secs ago
   sensor:m_gps_lat(lat)=3504.8546                 45.642 secs ago
   sensor:m_gps_lon(lon)=-7522.804                 45.687 secs ago
   sensor:m_iridium_signal_strength(nodim)=5       12.616 secs ago
   sensor:m_leakdetect_voltage(volts)=2.5          36.697 secs ago
   sensor:m_leakdetect_voltage_forward(volts)=-1      4.597 secs ago
   sensor:m_mission_start_time(timestamp)=1515518992     1e+308 secs ago
   sensor:m_present_time(timestamp)=1515598954.61099      1.378 secs ago
   sensor:m_tot_num_inflections(nodim)=28352      79850.9 secs ago
   sensor:m_vacuum(inHg)=7.70672115384616           4.712 secs ago
   sensor:m_water_vx(m/s)=0                        1e+308 secs ago
   sensor:m_water_vy(m/s)=0                        1e+308 secs ago
   sensor:u_use_current_correction(nodim)=0        1e+308 secs ago
   sensor:x_last_wpt_lat(lat)=3501.15050004916    79655.2 secs ago
   sensor:x_last_wpt_lon(lon)=-7536.52020000037    79655.2 secs ago
ABORT HISTORY: total since reset: 2
ABORT HISTORY: last abort cause: MS_ABORT_DEVICE_ERROR
ABORT HISTORY: last abort details: The buoyancy_pump device driver returned an error.
ABORT HISTORY: last abort time: 2018-01-09T17:07:13
ABORT HISTORY: last abort segment: ramses-2018-008-3-0 (0108.0000)
ABORT HISTORY: last abort mission: INI0.MI
 79964    No login script found for processing.
callback 20

I am going to hangup the Iridium!
I will call you back in 20 minutes
at the primary number ( 881600005168 )


GliderDos N -1 > 79982 77 disabli