Connection Event: Carrier Detect found. 25675    Iridium console active and ready...
Vehicle Name: ramses
Curr Time: Wed Jan 10 00:37:47 2018 MT:   25674
DR  Location:  3501.587 N -7533.368 E measured     44.244 secs ago
GPS TooFar:    3501.626 N -7533.468 E measured    3037.23 secs ago
GPS Invalid :  3501.608 N -7533.407 E measured    1816.73 secs ago
GPS Location:  3501.587 N -7533.368 E measured     47.496 secs ago
   sensor:c_wpt_lat(lat)=3501.15050004916         25357.3 secs ago
   sensor:c_wpt_lon(lon)=-7536.52020000037        25357.3 secs ago
   sensor:m_battery(volts)=12.0290518721703         4.302 secs ago
   sensor:m_gps_lat(lat)=3501.5872                 47.807 secs ago
   sensor:m_gps_lon(lon)=-7533.3682                47.849 secs ago
   sensor:m_iridium_signal_strength(nodim)=5        12.64 secs ago
   sensor:m_leakdetect_voltage(volts)=2.49993894993895     64.489 secs ago
   sensor:m_leakdetect_voltage_forward(volts)=-1      4.596 secs ago
   sensor:m_mission_start_time(timestamp)=1515518992     1e+308 secs ago
   sensor:m_present_time(timestamp)=1515544666.47769      1.368 secs ago
   sensor:m_tot_num_inflections(nodim)=28352      25562.8 secs ago
   sensor:m_vacuum(inHg)=8.25809911477411           4.709 secs ago
   sensor:m_water_vx(m/s)=0                        1e+308 secs ago
   sensor:m_water_vy(m/s)=0                        1e+308 secs ago
   sensor:u_use_current_correction(nodim)=0        1e+308 secs ago
   sensor:x_last_wpt_lat(lat)=3501.15050004916      25367 secs ago
   sensor:x_last_wpt_lon(lon)=-7536.52020000037    25367.1 secs ago
ABORT HISTORY: total since reset: 2
ABORT HISTORY: last abort cause: MS_ABORT_DEVICE_ERROR
ABORT HISTORY: last abort details: The buoyancy_pump device driver returned an error.
ABORT HISTORY: last abort time: 2018-01-09T17:07:13
ABORT HISTORY: last abort segment: ramses-2018-008-3-0 (0108.0000)
ABORT HISTORY: last abort mission: INI0.MI
 25676    No login script found for processing.
callback 30

I am going to hangup the Iridium!
I will call you back in 30 minutes
at the primary number ( 881600005168 )


GliderDos N -1 > 25694  0 dis