Connection Event: Carrier Detect found. 59357    Iridium console active and ready...
Vehicle Name: ramses
Curr Time: Wed Jan 10 09:59:09 2018 MT:   59356
DR  Location:  3502.336 N -7528.365 E measured     45.406 secs ago
GPS TooFar:    3501.499 N -7531.577 E measured    14852.5 secs ago
GPS Invalid :  3502.261 N -7528.829 E measured    1815.63 secs ago
GPS Location:  3502.336 N -7528.365 E measured     45.624 secs ago
   sensor:c_wpt_lat(lat)=3501.15050004916         59039.8 secs ago
   sensor:c_wpt_lon(lon)=-7536.52020000037        59039.8 secs ago
   sensor:m_battery(volts)=12.0348897735359         4.308 secs ago
   sensor:m_gps_lat(lat)=3502.3358                 45.936 secs ago
   sensor:m_gps_lon(lon)=-7528.3651                45.979 secs ago
   sensor:m_iridium_signal_strength(nodim)=5       12.642 secs ago
   sensor:m_leakdetect_voltage(volts)=2.5          28.677 secs ago
   sensor:m_leakdetect_voltage_forward(volts)=-1      4.602 secs ago
   sensor:m_mission_start_time(timestamp)=1515518992     1e+308 secs ago
   sensor:m_present_time(timestamp)=1515578348.98123      1.381 secs ago
   sensor:m_tot_num_inflections(nodim)=28352      59245.3 secs ago
   sensor:m_vacuum(inHg)=7.94606404151404           4.716 secs ago
   sensor:m_water_vx(m/s)=0                        1e+308 secs ago
   sensor:m_water_vy(m/s)=0                        1e+308 secs ago
   sensor:u_use_current_correction(nodim)=0        1e+308 secs ago
   sensor:x_last_wpt_lat(lat)=3501.15050004916    59049.6 secs ago
   sensor:x_last_wpt_lon(lon)=-7536.52020000037    59049.6 secs ago
ABORT HISTORY: total since reset: 2
ABORT HISTORY: last abort cause: MS_ABORT_DEVICE_ERROR
ABORT HISTORY: last abort details: The buoyancy_pump device driver returned an error.
ABORT HISTORY: last abort time: 2018-01-09T17:07:13
ABORT HISTORY: last abort segment: ramses-2018-008-3-0 (0108.0000)
ABORT HISTORY: last abort mission: INI0.MI
 59358    No login script found for processing.
callback 30

I am going to hangup the Iridium!
I will call you back in 30 minutes
at the primary number ( 881600005168 )


GliderDos N -1 > 59376 31 disabl