Connection Event: Carrier Detect found. 57490    Iridium console active and ready...
Vehicle Name: ramses
Curr Time: Wed Jan 10 09:28:02 2018 MT:   57489
DR  Location:  3502.261 N -7528.829 E measured      41.38 secs ago
GPS TooFar:    3501.499 N -7531.577 E measured    12985.2 secs ago
GPS Invalid :  3502.175 N -7529.216 E measured    1820.53 secs ago
GPS Location:  3502.261 N -7528.829 E measured     45.444 secs ago
   sensor:c_wpt_lat(lat)=3501.15050004916         57172.4 secs ago
   sensor:c_wpt_lon(lon)=-7536.52020000037        57172.5 secs ago
   sensor:m_battery(volts)=12.0124150191582         4.344 secs ago
   sensor:m_gps_lat(lat)=3502.2612                 45.758 secs ago
   sensor:m_gps_lon(lon)=-7528.8288                45.802 secs ago
   sensor:m_iridium_signal_strength(nodim)=5       12.695 secs ago
   sensor:m_leakdetect_voltage(volts)=2.5           4.436 secs ago
   sensor:m_leakdetect_voltage_forward(volts)=-1      4.471 secs ago
   sensor:m_mission_start_time(timestamp)=1515518992     1e+308 secs ago
   sensor:m_present_time(timestamp)=1515576481.64548      1.394 secs ago
   sensor:m_tot_num_inflections(nodim)=28352        57378 secs ago
   sensor:m_vacuum(inHg)=8.06360885225885           4.755 secs ago
   sensor:m_water_vx(m/s)=0                        1e+308 secs ago
   sensor:m_water_vy(m/s)=0                        1e+308 secs ago
   sensor:u_use_current_correction(nodim)=0        1e+308 secs ago
   sensor:x_last_wpt_lat(lat)=3501.15050004916    57182.2 secs ago
   sensor:x_last_wpt_lon(lon)=-7536.52020000037    57182.3 secs ago
ABORT HISTORY: total since reset: 2
ABORT HISTORY: last abort cause: MS_ABORT_DEVICE_ERROR
ABORT HISTORY: last abort details: The buoyancy_pump device driver returned an error.
ABORT HISTORY: last abort time: 2018-01-09T17:07:13
ABORT HISTORY: last abort segment: ramses-2018-008-3-0 (0108.0000)
ABORT HISTORY: last abort mission: INI0.MI
 57491    No login script found for processing.
callback 30

I am going to hangup the Iridium!
I will call you back in 30 minutes
at the primary number ( 881600005168 )


GliderDos N -1 > 57509 90 disabling Iridium cons