Connection Event: Carrier Detect found. 29403    Iridium console active and ready...
Vehicle Name: ramses
Curr Time: Wed Jan 10 01:39:55 2018 MT:   29402
DR  Location:  3501.435 N -7533.380 E measured     45.496 secs ago
GPS TooFar:    3501.626 N -7533.468 E measured    6765.33 secs ago
GPS Invalid :  3501.504 N -7533.356 E measured    1820.16 secs ago
GPS Location:  3501.435 N -7533.380 E measured     45.714 secs ago
   sensor:c_wpt_lat(lat)=3501.15050004916         29085.4 secs ago
   sensor:c_wpt_lon(lon)=-7536.52020000037        29085.4 secs ago
   sensor:m_battery(volts)=12.0447052609126         4.303 secs ago
   sensor:m_gps_lat(lat)=3501.4349                 46.026 secs ago
   sensor:m_gps_lon(lon)=-7533.38                  46.069 secs ago
   sensor:m_iridium_signal_strength(nodim)=5        8.598 secs ago
   sensor:m_leakdetect_voltage(volts)=2.5          45.032 secs ago
   sensor:m_leakdetect_voltage_forward(volts)=-1      4.599 secs ago
   sensor:m_mission_start_time(timestamp)=1515518992     1e+308 secs ago
   sensor:m_present_time(timestamp)=1515548394.57706      1.373 secs ago
   sensor:m_tot_num_inflections(nodim)=28352      29290.9 secs ago
   sensor:m_vacuum(inHg)=8.15060747863247           4.714 secs ago
   sensor:m_water_vx(m/s)=0                        1e+308 secs ago
   sensor:m_water_vy(m/s)=0                        1e+308 secs ago
   sensor:u_use_current_correction(nodim)=0        1e+308 secs ago
   sensor:x_last_wpt_lat(lat)=3501.15050004916    29095.1 secs ago
   sensor:x_last_wpt_lon(lon)=-7536.52020000037    29095.2 secs ago
ABORT HISTORY: total since reset: 2
ABORT HISTORY: last abort cause: MS_ABORT_DEVICE_ERROR
ABORT HISTORY: last abort details: The buoyancy_pump device driver returned an error.
ABORT HISTORY: last abort time: 2018-01-09T17:07:13
ABORT HISTORY: last abort segment: ramses-2018-008-3-0 (0108.0000)
ABORT HISTORY: last abort mission: INI0.MI
 29404    No login script found for processing.
callback 30

I am going to hangup the Iridium!
I will call you back in 30 minutes
at the primary number ( 881600005168 )


GliderDos N -1 > 29424 78 disabling Iridium conso