Connection Event: Carrier Detect found. 44414    Iridium console active and ready...
Vehicle Name: ramses
Curr Time: Wed Jan 10 05:50:06 2018 MT:   44413
DR  Location:  3501.485 N -7531.612 E measured     44.801 secs ago
GPS TooFar:    3501.308 N -7532.120 E measured    2813.38 secs ago
GPS Invalid :  3501.339 N -7531.972 E measured    1818.99 secs ago
GPS Location:  3501.485 N -7531.612 E measured     48.841 secs ago
   sensor:c_wpt_lat(lat)=3501.15050004916         44096.2 secs ago
   sensor:c_wpt_lon(lon)=-7536.52020000037        44096.2 secs ago
   sensor:m_battery(volts)=12.0013033393937         7.668 secs ago
   sensor:m_gps_lat(lat)=3501.4854                 49.156 secs ago
   sensor:m_gps_lon(lon)=-7531.612                 49.198 secs ago
   sensor:m_iridium_signal_strength(nodim)=5       11.965 secs ago
   sensor:m_leakdetect_voltage(volts)=2.5          19.971 secs ago
   sensor:m_leakdetect_voltage_forward(volts)=-1      7.966 secs ago
   sensor:m_mission_start_time(timestamp)=1515518992     1e+308 secs ago
   sensor:m_present_time(timestamp)=1515563405.38474      1.399 secs ago
   sensor:m_tot_num_inflections(nodim)=28352      44301.7 secs ago
   sensor:m_vacuum(inHg)=8.0817818986569            8.079 secs ago
   sensor:m_water_vx(m/s)=0                        1e+308 secs ago
   sensor:m_water_vy(m/s)=0                        1e+308 secs ago
   sensor:u_use_current_correction(nodim)=0        1e+308 secs ago
   sensor:x_last_wpt_lat(lat)=3501.15050004916      44106 secs ago
   sensor:x_last_wpt_lon(lon)=-7536.52020000037      44106 secs ago
ABORT HISTORY: total since reset: 2
ABORT HISTORY: last abort cause: MS_ABORT_DEVICE_ERROR
ABORT HISTORY: last abort details: The buoyancy_pump device driver returned an error.
ABORT HISTORY: last abort time: 2018-01-09T17:07:13
ABORT HISTORY: last abort segment: ramses-2018-008-3-0 (0108.0000)
ABORT HISTORY: last abort mission: INI0.MI
 44415    No login script found for processing.
callback 30

I am going to hangup the Iridium!
I will call you back in 30 minutes
at the primary number ( 881600005168 )


GliderDos N -1 > 44432  9 disabl