Connection Event: Carrier Detect found. 14643    Iridium console active and ready...
Vehicle Name: ramses
Curr Time: Tue Jan  9 00:22:48 2018 MT:   14642
DR  Location:  3502.262 N -7543.235 E measured     41.491 secs ago
GPS TooFar:    3503.732 N -7543.414 E measured     1e+308 secs ago
GPS Invalid :  3502.264 N -7543.225 E measured    1213.19 secs ago
GPS Location:  3502.262 N -7543.235 E measured       43.4 secs ago
   sensor:c_wpt_lat(lat)=3502.79070004924         14237.1 secs ago
   sensor:c_wpt_lon(lon)=-7542.59260000044        14237.1 secs ago
   sensor:m_battery(volts)=12.0667466171228         4.303 secs ago
   sensor:m_gps_lat(lat)=3502.2621                 43.712 secs ago
   sensor:m_gps_lon(lon)=-7543.2346                43.754 secs ago
   sensor:m_iridium_signal_strength(nodim)=5        8.601 secs ago
   sensor:m_leakdetect_voltage(volts)=2.5          16.606 secs ago
   sensor:m_leakdetect_voltage_forward(volts)=-1        4.6 secs ago
   sensor:m_mission_start_time(timestamp)=1515442725     1e+308 secs ago
   sensor:m_present_time(timestamp)=1515457367.30447      1.383 secs ago
   sensor:m_tot_num_inflections(nodim)=28346      14422.2 secs ago
   sensor:m_vacuum(inHg)=8.46341587301587           4.712 secs ago
   sensor:m_water_vx(m/s)=0.0853980204287164        14439 secs ago
   sensor:m_water_vy(m/s)=0.035082753444286         14439 secs ago
   sensor:u_use_current_correction(nodim)=1        1e+308 secs ago
   sensor:x_last_wpt_lat(lat)=3502.79070004924    14245.5 secs ago
   sensor:x_last_wpt_lon(lon)=-7542.59260000044    14245.5 secs ago
ABORT HISTORY: total since reset: 10
ABORT HISTORY: last abort cause: MS_ABORT_DEVICE_ERROR
ABORT HISTORY: last abort details: The deadman device driver returned an error.
ABORT HISTORY: last abort time: 2018-01-08T19:55:25
ABORT HISTORY: last abort segment: ramses-2018-007-7-0 (0103.0000)
ABORT HISTORY: last abort mission: SHELF_30.MI
 14644    No login script found for processing.
callback 20

I am going to hangup the Iridium!
I will call you back in 20 minutes
at the primary number ( 881600005168 )


GliderDos N -1 > 14664 96 disabling Iridiu