Connection Event: Carrier Detect found.  6913    Iridium console active and ready...
Vehicle Name: ramses
Curr Time: Mon Jan  8 16:31:22 2018 MT:    6913
DR  Location:  3503.483 N -7543.160 E measured      44.46 secs ago
GPS TooFar:    3503.732 N -7543.414 E measured     1e+308 secs ago
GPS Invalid :  3503.484 N -7543.155 E measured    1209.21 secs ago
GPS Location:  3503.482 N -7543.160 E measured     44.679 secs ago
   sensor:c_wpt_lat(lat)=3503.68300004929         6574.34 secs ago
   sensor:c_wpt_lon(lon)=-7543.36260000044        6574.38 secs ago
   sensor:m_battery(volts)=12.0868254028073         4.276 secs ago
   sensor:m_gps_lat(lat)=3503.4825                 44.992 secs ago
   sensor:m_gps_lon(lon)=-7543.1595                45.035 secs ago
   sensor:m_iridium_signal_strength(nodim)=5       11.685 secs ago
   sensor:m_leakdetect_voltage(volts)=2.5           4.358 secs ago
   sensor:m_leakdetect_voltage_forward(volts)=-1      4.393 secs ago
   sensor:m_mission_start_time(timestamp)=1515422169     1e+308 secs ago
   sensor:m_present_time(timestamp)=1515429082.19031      1.368 secs ago
   sensor:m_tot_num_inflections(nodim)=28332         6699 secs ago
   sensor:m_vacuum(inHg)=8.51097512210012           4.684 secs ago
   sensor:m_water_vx(m/s)=0.156231105397101        1e+308 secs ago
   sensor:m_water_vy(m/s)=0.0847489451242281       1e+308 secs ago
   sensor:u_use_current_correction(nodim)=1        1e+308 secs ago
   sensor:x_last_wpt_lat(lat)=3503.68300004929    6580.75 secs ago
   sensor:x_last_wpt_lon(lon)=-7543.36260000044    6580.79 secs ago
ABORT HISTORY: total since reset: 7
ABORT HISTORY: last abort cause: MS_ABORT_DEVICE_ERROR
ABORT HISTORY: last abort details: The deadman device driver returned an error.
ABORT HISTORY: last abort time: 2018-01-08T14:09:16
ABORT HISTORY: last abort segment: ramses-2018-007-3-0 (0099.0000)
ABORT HISTORY: last abort mission: SHELF_30.MI
  6915    No login script found for processing.
callback 20

I am going to hangup the Iridium!
I will call you back in 20 minutes
at the primary number ( 881600005168 )


GliderDos N -1 >